[    0.000000] Initializing cgroup subsys cpuset
[    0.000000] Initializing cgroup subsys cpu
[    0.000000] Initializing cgroup subsys cpuacct
[    0.000000] Linux version 4.4.0-210-generic (buildd@lgw01-amd64-009) (gcc version 5.4.0 20160609 (Ubuntu 5.4.0-6ubuntu1~16.04.12) ) #242-Ubuntu SMP Fri Apr 16 09:57:56 UTC 2021 (Ubuntu 4.4.0-210.242-generic 4.4.262)
[    0.000000] Command line: BOOT_IMAGE=/boot/vmlinuz-4.4.0-210-generic root=LABEL=cloudimg-rootfs ro console=tty1 console=ttyS0
[    0.000000] KERNEL supported cpus:
[    0.000000]   Intel GenuineIntel
[    0.000000]   AMD AuthenticAMD
[    0.000000]   Centaur CentaurHauls
[    0.000000] x86/fpu: xstate_offset[2]:  576, xstate_sizes[2]:  256
[    0.000000] x86/fpu: Supporting XSAVE feature 0x01: 'x87 floating point registers'
[    0.000000] x86/fpu: Supporting XSAVE feature 0x02: 'SSE registers'
[    0.000000] x86/fpu: Supporting XSAVE feature 0x04: 'AVX registers'
[    0.000000] x86/fpu: Enabled xstate features 0x7, context size is 832 bytes, using 'standard' format.
[    0.000000] e820: BIOS-provided physical RAM map:
[    0.000000] BIOS-e820: [mem 0x0000000000000000-0x000000000009fbff] usable
[    0.000000] BIOS-e820: [mem 0x000000000009fc00-0x000000000009ffff] reserved
[    0.000000] BIOS-e820: [mem 0x00000000000f0000-0x00000000000fffff] reserved
[    0.000000] BIOS-e820: [mem 0x0000000000100000-0x00000000dffeffff] usable
[    0.000000] BIOS-e820: [mem 0x00000000dfff0000-0x00000000dfffffff] ACPI data
[    0.000000] BIOS-e820: [mem 0x00000000fec00000-0x00000000fec00fff] reserved
[    0.000000] BIOS-e820: [mem 0x00000000fee00000-0x00000000fee00fff] reserved
[    0.000000] BIOS-e820: [mem 0x00000000fffc0000-0x00000000ffffffff] reserved
[    0.000000] BIOS-e820: [mem 0x0000000100000000-0x000000021fffffff] usable
[    0.000000] NX (Execute Disable) protection: active
[    0.000000] SMBIOS 2.5 present.
[    0.000000] Hypervisor detected: KVM
[    0.000000] e820: last_pfn = 0x220000 max_arch_pfn = 0x400000000
[    0.000000] MTRR: Disabled
[    0.000000] x86/PAT: MTRRs disabled, skipping PAT initialization too.
[    0.000000] CPU MTRRs all blank - virtualized system.
[    0.000000] x86/PAT: Configuration [0-7]: WB  WT  UC- UC  WB  WT  UC- UC  
[    0.000000] e820: last_pfn = 0xdfff0 max_arch_pfn = 0x400000000
[    0.000000] found SMP MP-table at [mem 0x0009fff0-0x0009ffff] mapped at [ffff88000009fff0]
[    0.000000] Scanning 1 areas for low memory corruption
[    0.000000] RAMDISK: [mem 0x362dc000-0x37165fff]
[    0.000000] ACPI: Early table checksum verification disabled
[    0.000000] ACPI: RSDP 0x00000000000E0000 000024 (v02 VBOX  )
[    0.000000] ACPI: XSDT 0x00000000DFFF0030 00003C (v01 VBOX   VBOXXSDT 00000001 ASL  00000061)
[    0.000000] ACPI: FACP 0x00000000DFFF00F0 0000F4 (v04 VBOX   VBOXFACP 00000001 ASL  00000061)
[    0.000000] ACPI: DSDT 0x00000000DFFF0610 002353 (v02 VBOX   VBOXBIOS 00000002 INTL 20200925)
[    0.000000] ACPI: FACS 0x00000000DFFF0200 000040
[    0.000000] ACPI: FACS 0x00000000DFFF0200 000040
[    0.000000] ACPI: APIC 0x00000000DFFF0240 00005C (v02 VBOX   VBOXAPIC 00000001 ASL  00000061)
[    0.000000] ACPI: SSDT 0x00000000DFFF02A0 00036C (v01 VBOX   VBOXCPUT 00000002 INTL 20200925)
[    0.000000] No NUMA configuration found
[    0.000000] Faking a node at [mem 0x0000000000000000-0x000000021fffffff]
[    0.000000] NODE_DATA(0) allocated [mem 0x21fff5000-0x21fff9fff]
[    0.000000] kvm-clock: Using msrs 4b564d01 and 4b564d00
[    0.000000] kvm-clock: cpu 0, msr 2:1ffed001, primary cpu clock
[    0.000000] kvm-clock: using sched offset of 2885946970 cycles
[    0.000000] clocksource: kvm-clock: mask: 0xffffffffffffffff max_cycles: 0x1cd42e4dffb, max_idle_ns: 881590591483 ns
[    0.000000] Zone ranges:
[    0.000000]   DMA      [mem 0x0000000000001000-0x0000000000ffffff]
[    0.000000]   DMA32    [mem 0x0000000001000000-0x00000000ffffffff]
[    0.000000]   Normal   [mem 0x0000000100000000-0x000000021fffffff]
[    0.000000]   Device   empty
[    0.000000] Movable zone start for each node
[    0.000000] Early memory node ranges
[    0.000000]   node   0: [mem 0x0000000000001000-0x000000000009efff]
[    0.000000]   node   0: [mem 0x0000000000100000-0x00000000dffeffff]
[    0.000000]   node   0: [mem 0x0000000100000000-0x000000021fffffff]
[    0.000000] Initmem setup node 0 [mem 0x0000000000001000-0x000000021fffffff]
[    0.000000] ACPI: PM-Timer IO Port: 0x4008
[    0.000000] IOAPIC[0]: apic_id 2, version 32, address 0xfec00000, GSI 0-23
[    0.000000] ACPI: INT_SRC_OVR (bus 0 bus_irq 0 global_irq 2 dfl dfl)
[    0.000000] ACPI: INT_SRC_OVR (bus 0 bus_irq 9 global_irq 9 low level)
[    0.000000] Using ACPI (MADT) for SMP configuration information
[    0.000000] smpboot: Allowing 2 CPUs, 0 hotplug CPUs
[    0.000000] PM: Registered nosave memory: [mem 0x00000000-0x00000fff]
[    0.000000] PM: Registered nosave memory: [mem 0x0009f000-0x0009ffff]
[    0.000000] PM: Registered nosave memory: [mem 0x000a0000-0x000effff]
[    0.000000] PM: Registered nosave memory: [mem 0x000f0000-0x000fffff]
[    0.000000] PM: Registered nosave memory: [mem 0xdfff0000-0xdfffffff]
[    0.000000] PM: Registered nosave memory: [mem 0xe0000000-0xfebfffff]
[    0.000000] PM: Registered nosave memory: [mem 0xfec00000-0xfec00fff]
[    0.000000] PM: Registered nosave memory: [mem 0xfec01000-0xfedfffff]
[    0.000000] PM: Registered nosave memory: [mem 0xfee00000-0xfee00fff]
[    0.000000] PM: Registered nosave memory: [mem 0xfee01000-0xfffbffff]
[    0.000000] PM: Registered nosave memory: [mem 0xfffc0000-0xffffffff]
[    0.000000] e820: [mem 0xe0000000-0xfebfffff] available for PCI devices
[    0.000000] Booting paravirtualized kernel on KVM
[    0.000000] clocksource: refined-jiffies: mask: 0xffffffff max_cycles: 0xffffffff, max_idle_ns: 7645519600211568 ns
[    0.000000] setup_percpu: NR_CPUS:512 nr_cpumask_bits:512 nr_cpu_ids:2 nr_node_ids:1
[    0.000000] PERCPU: Embedded 33 pages/cpu @ffff88021fc00000 s95192 r8192 d31784 u1048576
[    0.000000] Built 1 zonelists in Node order, mobility grouping on.  Total pages: 2064248
[    0.000000] Policy zone: Normal
[    0.000000] Kernel command line: BOOT_IMAGE=/boot/vmlinuz-4.4.0-210-generic root=LABEL=cloudimg-rootfs ro console=tty1 console=ttyS0
[    0.000000] PID hash table entries: 4096 (order: 3, 32768 bytes)
[    0.000000] Memory: 8157064K/8388152K available (8644K kernel code, 1332K rwdata, 4044K rodata, 1492K init, 1164K bss, 231088K reserved, 0K cma-reserved)
[    0.000000] SLUB: HWalign=64, Order=0-3, MinObjects=0, CPUs=2, Nodes=1
[    0.000000] Kernel/User page tables isolation: enabled
[    0.000000] Hierarchical RCU implementation.
[    0.000000] 	Build-time adjustment of leaf fanout to 64.
[    0.000000] 	RCU restricting CPUs from NR_CPUS=512 to nr_cpu_ids=2.
[    0.000000] RCU: Adjusting geometry for rcu_fanout_leaf=64, nr_cpu_ids=2
[    0.000000] NR_IRQS:33024 nr_irqs:440 16
[    0.000000] Console: colour VGA+ 80x25
[    0.000000] console [tty1] enabled
[    0.000000] console [ttyS0] enabled
[    0.000000] tsc: Detected 2112.014 MHz processor
[    0.156505] Calibrating delay loop (skipped) preset value.. 4224.02 BogoMIPS (lpj=8448056)
[    0.157904] pid_max: default: 32768 minimum: 301
[    0.158660] ACPI: Core revision 20150930
[    0.160129] ACPI: 2 ACPI AML tables successfully acquired and loaded
[    0.161192] Security Framework initialized
[    0.161885] Yama: becoming mindful.
[    0.162504] AppArmor: AppArmor initialized
[    0.163611] Dentry cache hash table entries: 1048576 (order: 11, 8388608 bytes)
[    0.166552] Inode-cache hash table entries: 524288 (order: 10, 4194304 bytes)
[    0.168328] Mount-cache hash table entries: 16384 (order: 5, 131072 bytes)
[    0.169344] Mountpoint-cache hash table entries: 16384 (order: 5, 131072 bytes)
[    0.170822] Initializing cgroup subsys io
[    0.171493] Initializing cgroup subsys memory
[    0.172228] Initializing cgroup subsys devices
[    0.172953] Initializing cgroup subsys freezer
[    0.173673] Initializing cgroup subsys net_cls
[    0.174386] Initializing cgroup subsys perf_event
[    0.175139] Initializing cgroup subsys net_prio
[    0.175865] Initializing cgroup subsys hugetlb
[    0.176583] Initializing cgroup subsys pids
[    0.189594] mce: CPU supports 0 MCE banks
[    0.190285] Last level iTLB entries: 4KB 64, 2MB 8, 4MB 8
[    0.191160] Last level dTLB entries: 4KB 64, 2MB 0, 4MB 0, 1GB 4
[    0.192040] Spectre V1 : Mitigation: usercopy/swapgs barriers and __user pointer sanitization
[    0.193402] Spectre V2 : Mitigation: Full generic retpoline
[    0.194248] Spectre V2 : Spectre v2 / SpectreRSB mitigation: Filling RSB on context switch
[    0.195548] Speculative Store Bypass: Vulnerable
[    0.196281] SRBDS: Unknown: Dependent on hypervisor status
[    0.197201] MDS: Mitigation: Clear CPU buffers
[    0.199905] Freeing SMP alternatives memory: 36K
[    0.205135] ftrace: allocating 32380 entries in 127 pages
[    0.255798] smpboot: APIC(0) Converting physical 0 to logical package 0
[    0.256815] smpboot: Max logical packages: 1
[    0.257731] x2apic enabled
[    0.258454] Switched APIC routing to physical x2apic.
[    0.260154] ..TIMER: vector=0x30 apic1=0 pin1=2 apic2=-1 pin2=-1
[    0.369148] smpboot: CPU0: Intel(R) Core(TM) i5-10210U CPU @ 1.60GHz (family: 0x6, model: 0x8e, stepping: 0xc)
[    0.370679] Performance Events: unsupported p6 CPU model 142 no PMU driver, software events only.
[    0.378238] KVM setup paravirtual spinlock
[    0.379543] x86: Booting SMP configuration:
[    0.380191] .... node  #0, CPUs:      #1
[    0.380858] kvm-clock: cpu 1, msr 2:1ffed041, secondary cpu clock
[    0.394374] mce: CPU supports 0 MCE banks
[    0.396806] x86: Booted up 1 node, 2 CPUs
[    0.397627] smpboot: Total of 2 processors activated (8448.05 BogoMIPS)
[    0.398944] devtmpfs: initialized
[    0.401472] evm: security.selinux
[    0.402044] evm: security.SMACK64
[    0.402543] evm: security.SMACK64EXEC
[    0.403171] evm: security.SMACK64TRANSMUTE
[    0.403827] evm: security.SMACK64MMAP
[    0.404365] evm: security.ima
[    0.404845] evm: security.capability
[    0.405535] clocksource: jiffies: mask: 0xffffffff max_cycles: 0xffffffff, max_idle_ns: 7645041785100000 ns
[    0.406819] futex hash table entries: 512 (order: 3, 32768 bytes)
[    0.407786] pinctrl core: initialized pinctrl subsystem
[    0.408588] RTC time: 12:13:11, date: 11/16/23
[    0.409758] NET: Registered protocol family 16
[    0.425270] cpuidle: using governor ladder
[    0.440925] cpuidle: using governor menu
[    0.441503] PCCT header not found.
[    0.442155] ACPI: bus type PCI registered
[    0.442729] acpiphp: ACPI Hot Plug PCI Controller Driver version: 0.5
[    0.443657] PCI: Using configuration type 1 for base access
[    0.454762] ACPI: Added _OSI(Module Device)
[    0.455512] ACPI: Added _OSI(Processor Device)
[    0.456224] ACPI: Added _OSI(3.0 _SCP Extensions)
[    0.457008] ACPI: Added _OSI(Processor Aggregator Device)
[    0.458410] ACPI: Executed 1 blocks of module-level executable AML code
[    0.461209] ACPI: Interpreter enabled
[    0.461870] ACPI: (supports S0 S5)
[    0.462526] ACPI: Using IOAPIC for interrupt routing
[    0.463420] PCI: Using host bridge windows from ACPI; if necessary, use "pci=nocrs" and report a bug
[    0.467730] ACPI: PCI Root Bridge [PCI0] (domain 0000 [bus 00-ff])
[    0.468700] acpi PNP0A03:00: _OSC: OS supports [ASPM ClockPM Segments MSI]
[    0.470032] acpi PNP0A03:00: _OSC: not requesting OS control; OS requires [ExtendedConfig ASPM ClockPM MSI]
[    0.471540] acpi PNP0A03:00: fail to add MMCONFIG information, can't access extended PCI configuration space under this bridge.
[    0.481937] PCI host bridge to bus 0000:00
[    0.482613] pci_bus 0000:00: root bus resource [io  0x0000-0x0cf7 window]
[    0.483496] pci_bus 0000:00: root bus resource [io  0x0d00-0xffff window]
[    0.484345] pci_bus 0000:00: root bus resource [mem 0x000a0000-0x000bffff window]
[    0.485410] pci_bus 0000:00: root bus resource [mem 0xe0000000-0xfdffffff window]
[    0.486494] pci_bus 0000:00: root bus resource [bus 00-ff]
[    0.488267] pci 0000:00:01.1: legacy IDE quirk: reg 0x10: [io  0x01f0-0x01f7]
[    0.489142] pci 0000:00:01.1: legacy IDE quirk: reg 0x14: [io  0x03f6]
[    0.490005] pci 0000:00:01.1: legacy IDE quirk: reg 0x18: [io  0x0170-0x0177]
[    0.490888] pci 0000:00:01.1: legacy IDE quirk: reg 0x1c: [io  0x0376]
[    0.544584] pci 0000:00:07.0: quirk: [io  0x4000-0x403f] claimed by PIIX4 ACPI
[    0.545684] pci 0000:00:07.0: quirk: [io  0x4100-0x410f] claimed by PIIX4 SMB
[    0.580815] ACPI: PCI Interrupt Link [LNKA] (IRQs 5 9 10 *11)
[    0.582138] ACPI: PCI Interrupt Link [LNKB] (IRQs 5 9 *10 11)
[    0.583301] ACPI: PCI Interrupt Link [LNKC] (IRQs 5 *9 10 11)
[    0.584348] ACPI: PCI Interrupt Link [LNKD] (IRQs 5 9 10 *11)
[    0.585418] ACPI: Enabled 2 GPEs in block 00 to 07
[    0.586364] vgaarb: setting as boot device: PCI:0000:00:02.0
[    0.587097] vgaarb: device added: PCI:0000:00:02.0,decodes=io+mem,owns=io+mem,locks=none
[    0.588235] vgaarb: loaded
[    0.588705] vgaarb: bridge control possible 0000:00:02.0
[    0.589607] SCSI subsystem initialized
[    0.590392] ACPI: bus type USB registered
[    0.591066] usbcore: registered new interface driver usbfs
[    0.591851] usbcore: registered new interface driver hub
[    0.592581] usbcore: registered new device driver usb
[    0.593551] PCI: Using ACPI for IRQ routing
[    0.594368] NetLabel: Initializing
[    0.594965] NetLabel:  domain hash size = 128
[    0.595589] NetLabel:  protocols = UNLABELED CIPSOv4
[    0.596313] NetLabel:  unlabeled traffic allowed by default
[    0.597269] amd_nb: Cannot enumerate AMD northbridges
[    0.598346] clocksource: Switched to clocksource kvm-clock
[    0.603540] AppArmor: AppArmor Filesystem Enabled
[    0.604234] pnp: PnP ACPI init
[    0.605256] pnp: PnP ACPI: found 3 devices
[    0.613142] clocksource: acpi_pm: mask: 0xffffff max_cycles: 0xffffff, max_idle_ns: 2085701024 ns
[    0.614359] NET: Registered protocol family 2
[    0.615144] TCP established hash table entries: 65536 (order: 7, 524288 bytes)
[    0.616416] TCP bind hash table entries: 65536 (order: 8, 1048576 bytes)
[    0.617400] TCP: Hash tables configured (established 65536 bind 65536)
[    0.618276] UDP hash table entries: 4096 (order: 5, 131072 bytes)
[    0.619074] UDP-Lite hash table entries: 4096 (order: 5, 131072 bytes)
[    0.619947] NET: Registered protocol family 1
[    0.620703] pci 0000:00:00.0: Limiting direct PCI/PCI transfers
[    0.621460] pci 0000:00:01.0: Activating ISA DMA hang workarounds
[    0.622355] Unpacking initramfs...
[    0.794588] Freeing initrd memory: 14888K
[    0.795310] PCI-DMA: Using software bounce buffering for IO (SWIOTLB)
[    0.796144] software IO TLB: mapped [mem 0xdbff0000-0xdfff0000] (64MB)
[    0.797033] clocksource: tsc: mask: 0xffffffffffffffff max_cycles: 0x1e7185b7ee7, max_idle_ns: 440795263912 ns
[    0.798386] platform rtc_cmos: registered platform RTC device (no PNP device found)
[    0.799521] Scanning for low memory corruption every 60 seconds
[    0.800642] audit: initializing netlink subsys (disabled)
[    0.801408] audit: type=2000 audit(1700136795.997:1): initialized
[    0.802380] Initialise system trusted keyring
[    0.803146] HugeTLB registered 2 MB page size, pre-allocated 0 pages
[    0.804917] zbud: loaded
[    0.805642] VFS: Disk quotas dquot_6.6.0
[    0.806239] VFS: Dquot-cache hash table entries: 512 (order 0, 4096 bytes)
[    0.807338] squashfs: version 4.0 (2009/01/31) Phillip Lougher
[    0.808358] fuse init (API version 7.23)
[    0.809136] Key type big_key registered
[    0.809715] Allocating IMA MOK and blacklist keyrings.
[    0.810992] Key type asymmetric registered
[    0.811620] Asymmetric key parser 'x509' registered
[    0.812333] Block layer SCSI generic (bsg) driver version 0.4 loaded (major 249)
[    0.813489] io scheduler noop registered
[    0.814057] io scheduler deadline registered (default)
[    0.814816] io scheduler cfq registered
[    0.815447] pci_hotplug: PCI Hot Plug PCI Core version: 0.5
[    0.816216] pciehp: PCI Express Hot Plug Controller Driver version: 0.4
[    0.817176] ACPI: AC Adapter [AC] (on-line)
[    0.817849] input: Power Button as /devices/LNXSYSTM:00/LNXPWRBN:00/input/input0
[    0.818955] ACPI: Power Button [PWRF]
[    0.819545] input: Sleep Button as /devices/LNXSYSTM:00/LNXSLPBN:00/input/input1
[    0.820601] ACPI: Sleep Button [SLPF]
[    0.821331] GHES: HEST is not enabled!
[    0.821737] ACPI: Battery Slot [BAT0] (battery present)
[    0.822742] Serial: 8250/16550 driver, 32 ports, IRQ sharing enabled
[    0.843898] 00:02: ttyS0 at I/O 0x3f8 (irq = 4, base_baud = 115200) is a 16550A
[    0.846657] Linux agpgart interface v0.103
[    0.848454] loop: module loaded
[    0.849350] scsi host0: ata_piix
[    0.849969] scsi host1: ata_piix
[    0.850546] ata1: PATA max UDMA/33 cmd 0x1f0 ctl 0x3f6 bmdma 0xd000 irq 14
[    0.851434] ata2: PATA max UDMA/33 cmd 0x170 ctl 0x376 bmdma 0xd008 irq 15
[    0.852374] libphy: Fixed MDIO Bus: probed
[    0.853005] tun: Universal TUN/TAP device driver, 1.6
[    0.853730] tun: (C) 1999-2004 Max Krasnyansky <maxk@qualcomm.com>
[    0.854644] PPP generic driver version 2.4.2
[    0.855389] ehci_hcd: USB 2.0 'Enhanced' Host Controller (EHCI) Driver
[    0.856247] ehci-pci: EHCI PCI platform driver
[    0.856916] ehci-platform: EHCI generic platform driver
[    0.857652] ohci_hcd: USB 1.1 'Open' Host Controller (OHCI) Driver
[    0.858466] ohci-pci: OHCI PCI platform driver
[    0.859122] ohci-platform: OHCI generic platform driver
[    0.859816] uhci_hcd: USB Universal Host Controller Interface driver
[    0.860689] i8042: PNP: PS/2 Controller [PNP0303:PS2K,PNP0f03:PS2M] at 0x60,0x64 irq 1,12
[    0.862184] serio: i8042 KBD port at 0x60,0x64 irq 1
[    0.862861] serio: i8042 AUX port at 0x60,0x64 irq 12
[    0.863892] mousedev: PS/2 mouse device common for all mice
[    0.864987] input: AT Translated Set 2 keyboard as /devices/platform/i8042/serio0/input/input2
[    0.866548] rtc_cmos rtc_cmos: rtc core: registered rtc_cmos as rtc0
[    0.867416] rtc_cmos rtc_cmos: alarms up to one day, 114 bytes nvram
[    0.868244] i2c /dev entries driver
[    0.868853] device-mapper: uevent: version 1.0.3
[    0.869643] device-mapper: ioctl: 4.34.0-ioctl (2015-10-28) initialised: dm-devel@redhat.com
[    0.870878] ledtrig-cpu: registered to indicate activity on CPUs
[    0.871937] NET: Registered protocol family 10
[    0.872784] NET: Registered protocol family 17
[    0.873444] Key type dns_resolver registered
[    0.874333] registered taskstats version 1
[    0.874982] Loading compiled-in X.509 certificates
[    0.876111] Loaded X.509 cert 'Build time autogenerated kernel key: cf00e047681d67edb2720680708b7d9498083038'
[    0.877455] zswap: loaded using pool lzo/zbud
[    0.879428] Key type trusted registered
[    0.882555] Key type encrypted registered
[    0.883185] AppArmor: AppArmor sha1 policy hashing enabled
[    0.883927] ima: No TPM chip found, activating TPM-bypass!
[    0.884668] ima: Allocated hash algorithm: sha1
[    0.885344] evm: HMAC attrs: 0x1
[    0.886052]   Magic number: 15:672:228
[    0.886774] rtc_cmos rtc_cmos: setting system clock to 2023-11-16 12:13:11 UTC (1700136791)
[    0.888065] BIOS EDD facility v0.16 2004-Jun-25, 0 devices found
[    0.888858] EDD information not available.
[    1.030787] Freeing unused kernel memory: 1492K
[    1.031508] Write protecting the kernel read-only data: 14336k
[    1.032623] Freeing unused kernel memory: 1584K
[    1.033415] Freeing unused kernel memory: 52K
Loading, please wait...
starting version 229
[    1.043846] random: systemd-udevd: uninitialized urandom read (16 bytes read, 3 bits of entropy available)
[    1.044288] random: udevadm: uninitialized urandom read (16 bytes read, 3 bits of entropy available)
[    1.044309] random: udevadm: uninitialized urandom read (16 bytes read, 3 bits of entropy available)
[    1.047740] random: systemd-udevd: uninitialized urandom read (16 bytes read, 3 bits of entropy available)
[    1.049054] random: systemd-udevd: uninitialized urandom read (16 bytes read, 3 bits of entropy available)
[    1.050245] random: udevadm: uninitialized urandom read (16 bytes read, 3 bits of entropy available)
[    1.050288] random: udevadm: uninitialized urandom read (16 bytes read, 3 bits of entropy available)
[    1.050418] random: udevadm: uninitialized urandom read (16 bytes read, 3 bits of entropy available)
[    1.050464] random: udevadm: uninitialized urandom read (16 bytes read, 3 bits of entropy available)
[    1.050514] random: udevadm: uninitialized urandom read (16 bytes read, 3 bits of entropy available)
[    1.097085] e1000: Intel(R) PRO/1000 Network Driver - version 7.3.21-k8-NAPI
[    1.098063] e1000: Copyright (c) 1999-2006 Intel Corporation.
[    1.098877] Fusion MPT base driver 3.04.20
[    1.099855] Copyright (c) 1999-2008 LSI Corporation
[    1.123668] AVX2 version of gcm_enc/dec engaged.
[    1.124447] AES CTR mode by8 optimization enabled
[    1.134756] Fusion MPT SPI Host driver 3.04.20
[    1.319918] input: ImExPS/2 Generic Explorer Mouse as /devices/platform/i8042/serio1/input/input4
[    1.433521] e1000 0000:00:03.0 eth0: (PCI:33MHz:32-bit) 02:be:82:6b:cc:1d
[    1.434470] e1000 0000:00:03.0 eth0: Intel(R) PRO/1000 Network Connection
[    1.980635] e1000 0000:00:08.0 eth1: (PCI:33MHz:32-bit) 08:00:27:40:fc:fd
[    1.996419] e1000 0000:00:08.0 eth1: Intel(R) PRO/1000 Network Connection
[    1.999806] e1000 0000:00:03.0 enp0s3: renamed from eth0
[    2.000988] mptbase: ioc0: Initiating bringup
[    2.010593] e1000 0000:00:08.0 enp0s8: renamed from eth1
[    2.079060] ioc0: LSI53C1030 A0: Capabilities={Initiator}
[    2.249640] scsi host2: ioc0: LSI53C1030 A0, FwRev=00000000h, Ports=1, MaxQ=256, IRQ=20
[    2.367647] scsi 2:0:0:0: Direct-Access     VBOX     HARDDISK         1.0  PQ: 0 ANSI: 5
[    2.372767] scsi target2:0:0: Beginning Domain Validation
[    2.384697] scsi target2:0:0: Domain Validation skipping write tests
[    2.388380] scsi target2:0:0: Ending Domain Validation
[    2.391875] scsi target2:0:0: asynchronous
[    2.397310] scsi 2:0:1:0: Direct-Access     VBOX     HARDDISK         1.0  PQ: 0 ANSI: 5
[    2.402420] scsi target2:0:1: Beginning Domain Validation
[    2.411850] scsi target2:0:1: Domain Validation skipping write tests
[    2.416168] scsi target2:0:1: Ending Domain Validation
[    2.419524] scsi target2:0:1: asynchronous
[    2.430268] sd 2:0:0:0: Attached scsi generic sg0 type 0
[    2.432270] sd 2:0:0:0: [sda] 83886080 512-byte logical blocks: (42.9 GB/40.0 GiB)
[    2.434942] sd 2:0:1:0: [sdb] 20480 512-byte logical blocks: (10.5 MB/10.0 MiB)
[    2.436860] sd 2:0:1:0: Attached scsi generic sg1 type 0
[    2.438620] sd 2:0:1:0: [sdb] Write Protect is off
[    2.439784] sd 2:0:0:0: [sda] Write Protect is off
[    2.440955] sd 2:0:1:0: [sdb] Incomplete mode parameter data
[    2.442118] sd 2:0:1:0: [sdb] Assuming drive cache: write through
[    2.443468] sd 2:0:0:0: [sda] Incomplete mode parameter data
[    2.444503] sd 2:0:0:0: [sda] Assuming drive cache: write through
[    2.455004]  sda: sda1
[    2.460368] sd 2:0:0:0: [sda] Attached SCSI disk
[    2.462514] sd 2:0:1:0: [sdb] Attached SCSI disk
Begin: Loading essential drivers ... [    3.794938] md: linear personality registered for level -1
[    3.797589] md: multipath personality registered for level -4
[    3.800888] md: raid0 personality registered for level 0
[    3.804918] md: raid1 personality registered for level 1
[    3.874414] raid6: sse2x1   gen() 10750 MB/s
[    3.942366] raid6: sse2x1   xor()  7993 MB/s
[    4.010368] raid6: sse2x2   gen() 16904 MB/s
[    4.078416] raid6: sse2x2   xor() 11288 MB/s
[    4.146412] raid6: sse2x4   gen() 18505 MB/s
[    4.214409] raid6: sse2x4   xor() 11196 MB/s
[    4.282367] raid6: avx2x1   gen() 24208 MB/s
[    4.350413] raid6: avx2x2   gen() 27570 MB/s
[    4.418420] raid6: avx2x4   gen() 34270 MB/s
[    4.419146] raid6: using algorithm avx2x4 gen() 34270 MB/s
[    4.420019] raid6: using avx2x2 recovery algorithm
[    4.421811] xor: automatically using best checksumming function:
[    4.494444]    avx       : 96614.000 MB/sec
[    4.495747] async_tx: api initialized (async)
[    4.502526] md: raid6 personality registered for level 6
[    4.503436] md: raid5 personality registered for level 5
[    4.504267] md: raid4 personality registered for level 4
[    4.509406] md: raid10 personality registered for level 10
done.
Begin: Running /scripts/init-premount ... done.
Begin: Mounting root file system ... Begin: Running /scripts/local-top ... done.
Begin: Running /scripts/local-premount ... [    4.532273] Btrfs loaded
Scanning for Btrfs filesystems
done.
Warning: fsck not present, so skipping root file system
[    4.564264] EXT4-fs (sda1): mounted filesystem with ordered data mode. Opts: (null)
done.
Begin: Running /scripts/local-bottom ... done.
Begin: Running /scripts/init-bottom ... done.
[    4.651542] systemd[1]: systemd 229 running in system mode. (+PAM +AUDIT +SELINUX +IMA +APPARMOR +SMACK +SYSVINIT +UTMP +LIBCRYPTSETUP +GCRYPT +GNUTLS +ACL +XZ -LZ4 +SECCOMP +BLKID +ELFUTILS +KMOD -IDN)
[    4.655982] systemd[1]: Detected virtualization oracle.
[    4.657333] systemd[1]: Detected architecture x86-64.

Welcome to [1mUbuntu 16.04.7 LTS[0m!

[    4.660948] systemd[1]: Set hostname to <stage-vm>.
[    4.815325] systemd[1]: Reached target System Time Synchronized.
[[0;32m  OK  [0m] Reached target System Time Synchronized.
[    4.817774] systemd[1]: Started Forward Password Requests to Wall Directory Watch.
[[0;32m  OK  [0m] Started Forward Password Requests to Wall Directory Watch.
[    4.820887] systemd[1]: Reached target Encrypted Volumes.
[[0;32m  OK  [0m] Reached target Encrypted Volumes.
[    4.823183] systemd[1]: Set up automount Arbitrary Executable File Formats File System Automount Point.
[[0;32m  OK  [0m] Set up automount Arbitrary Executab...ats File System Automount Point.
[    4.826588] systemd[1]: Reached target Swap.
[[0;32m  OK  [0m] Reached target Swap.
[    4.828647] systemd[1]: Created slice User and Session Slice.
[[0;32m  OK  [0m] Created slice User and Session Slice.
[    4.830639] systemd[1]: Listening on /dev/initctl Compatibility Named Pipe.
[[0;32m  OK  [0m] Listening on /dev/initctl Compatibility Named Pipe.
[    4.833128] systemd[1]: Listening on Journal Socket (/dev/log).
[[0;32m  OK  [0m] Listening on Journal Socket (/dev/log).
[    4.835069] systemd[1]: Listening on Journal Audit Socket.
[[0;32m  OK  [0m] Listening on Journal Audit Socket.
[    4.836861] systemd[1]: Listening on Syslog Socket.
[[0;32m  OK  [0m] Listening on Syslog Socket.
[    4.838486] systemd[1]: Listening on udev Control Socket.
[[0;32m  OK  [0m] Listening on udev Control Socket.
[    4.840000] systemd[1]: Listening on fsck to fsckd communication Socket.
[[0;32m  OK  [0m] Listening on fsck to fsckd communication Socket.
[    4.841800] systemd[1]: Listening on LVM2 poll daemon socket.
[[0;32m  OK  [0m] Listening on LVM2 poll daemon socket.
[    4.843463] systemd[1]: Listening on Journal Socket.
[[0;32m  OK  [0m] Listening on Journal Socket.
[    4.845512] systemd[1]: Created slice System Slice.
[[0;32m  OK  [0m] Created slice System Slice.
[    4.858470] systemd[1]: Mounting Huge Pages File System...
         Mounting Huge Pages File System...
[    4.860136] systemd[1]: Reached target Slices.
[[0;32m  OK  [0m] Reached target Slices.
[    4.862379] systemd[1]: Starting Journal Service...
         Starting Journal Service...
[    4.865520] systemd[1]: Created slice system-serial\x2dgetty.slice.
[[0;32m  OK  [0m] Created slice system-serial\x2dgetty.slice.
[    4.867856] systemd[1]: Mounting Debug File System...
         Mounting Debug File System...
[    4.871205] systemd[1]: Starting Uncomplicated firewall...
         Starting Uncomplicated firewall...
[    4.873296] systemd[1]: Starting Nameserver information manager...
         Starting Nameserver information manager...
[    4.876460] systemd[1]: Starting Load Kernel Modules...
         Starting Load Kernel Modules...
[    4.878475] systemd[1]: Mounting POSIX Message Queue File System...
         Mounting POSIX Message Queue File System...
[    4.881346] systemd[1]: Starting File System Check on Root Device...
         Starting File System Check on Root Device...
[    4.885556] systemd[1]: Starting Create list of required static device nodes for the current kernel...
[    4.889438] Loading iSCSI transport class v2.0-870.
         Starting Create list of required st... nodes for the current kernel...
[    4.892187] systemd[1]: Listening on Device-mapper event daemon FIFOs.
[[0;32m  OK  [0m] Listening on Device-mapper event daemon FIFOs.
[    4.893950] systemd[1]: Listening on LVM2 metadata daemon socket.
[[0;32m  OK  [0m] Listening on LVM2 metadata daemon socket.
[    4.896725] systemd[1]: Starting Monitoring of LVM2 mirrors, snapshots etc. using dmeventd or progress polling...
         Starting Monitoring of LVM2 mirrors... dmeventd or progress polling...
[    4.899615] systemd[1]: Started Trigger resolvconf update for networkd DNS.
[[0;32m  OK  [0m] Started Trigger resolvconf update for networkd DNS.
[    4.902494] systemd[1]: Starting Set console keymap...
         Starting Set console keymap...
[    4.904153] systemd[1]: Reached target User and Group Name Lookups.
[[0;32m  OK  [0m] Reached target User and Group Name Lookups.
[    4.906515] systemd[1]: Listening on udev Kernel Socket.
[[0;32m  OK  [0m] Listening on udev Kernel Socket.
[    4.909325] systemd[1]: Mounted Huge Pages File System.
[[0;32m  OK  [0m] Mounted Huge Pages File System.
[    4.912595] iscsi: registered transport (tcp)
[    4.918505] systemd[1]: Mounted POSIX Message Queue File System.
[[0;32m  OK  [0m] Mounted POSIX Message Queue File System.
[    4.919940] systemd[1]: Mounted Debug File System.
[[0;32m  OK  [0m] Mounted Debug File System.
[    4.926610] systemd[1]: Started Journal Service.
[[0;32m  OK  [0m] Started Journal Service.
[[0;32m  OK  [0m] Started Uncomplicated firewall.
[    4.935520] iscsi: registered transport (iser)
[[0;32m  OK  [0m] Started Load Kernel Modules.
[[0;32m  OK  [0m] Started File System Check on Root Device.
[[0;32m  OK  [0m] Started Create list of required sta...ce nodes for the current kernel.
[[0;32m  OK  [0m] Started Set console keymap.
[[0;32m  OK  [0m] Started Nameserver information manager.
[[0;32m  OK  [0m] Started LVM2 metadata daemon.
[[0;32m  OK  [0m] Started File System Check Daemon to report status.
         Starting Create Static Device Nodes in /dev...
         Starting Remount Root and Kernel File Systems...
         Starting Apply Kernel Variables...
         Mounting FUSE Control File System...
[    4.986665] EXT4-fs (sda1): re-mounted. Opts: (null)
[[0;32m  OK  [0m] Mounted FUSE Control File System.
[[0;32m  OK  [0m] Started Create Static Device Nodes in /dev.
[[0;32m  OK  [0m] Started Remount Root and Kernel File Systems.
[[0;32m  OK  [0m] Started Apply Kernel Variables.
         Starting Flush Journal to Persistent Storage...
         Starting Load/Save Random Seed...
         Starting udev Coldplug all Devices...
         Starting udev Kernel Device Manager...
[[0;32m  OK  [0m] Started Load/Save Random Seed.
[[0;32m  OK  [0m] Started Flush Journal to Persistent Storage.
[[0;32m  OK  [0m] Started udev Kernel Device Manager.
[[0;32m  OK  [0m] Started Monitoring of LVM2 mirrors,...ng dmeventd or progress polling.
[[0;32m  OK  [0m] Reached target Local File Systems (Pre).
[[0;32m  OK  [0m] Reached target Local File Systems.
         Starting Tell Plymouth To Write Out Runtime Data...
         Starting Set console font and keymap...
         Starting LSB: AppArmor initialization...
         Starting Create Volatile Files and Directories...
         Starting Initial cloud-init job (pre-networking)...
[[0;32m  OK  [0m] Started udev Coldplug all Devices.
[[0;32m  OK  [0m] Started Tell Plymouth To Write Out Runtime Data.
[[0;32m  OK  [0m] Started Dispatch Password Requests to Console Directory Watch.
[[0;32m  OK  [0m] Started Create Volatile Files and Directories.
         Starting Update UTMP about System Boot/Shutdown...
[[0;32m  OK  [0m] Started Update UTMP about System Boot/Shutdown.
[[0;32m  OK  [0m] Started LSB: AppArmor initialization.
         Starting Load AppArmor profiles managed internally by snapd...
[[0;32m  OK  [0m] Started Load AppArmor profiles managed internally by snapd.
[[0;32m  OK  [0m] Found device /dev/ttyS0.
[[0;32m  OK  [0m] Listening on Load/Save RF Kill Switch Status /dev/rfkill Watch.
[[0;32m  OK  [0m] Found device 82540EM Gigabit Ethern...r (PRO/1000 MT Desktop Adapter).
[[0;32m  OK  [0m] Found device 82540EM Gigabit Ethern...r (PRO/1000 MT Desktop Adapter).
[    5.637797] cloud-init[499]: Cloud-init v. 21.1-19-gbad84ad4-0ubuntu1~16.04.2 running 'init-local' at Thu, 16 Nov 2023 12:13:16 +0000. Up 5.40 seconds.
[[0;32m  OK  [0m] Started Set console font and keymap.
[[0;32m  OK  [0m] Started Initial cloud-init job (pre-networking).
[[0;32m  OK  [0m] Reached target Network (Pre).
         Starting Raise network interfaces...
[[0;32m  OK  [0m] Started ifup for enp0s3.
[[0;32m  OK  [0m] Started ifup for enp0s8.
[[0;32m  OK  [0m] Created slice system-getty.slice.
[[0;32m  OK  [0m] Started Raise network interfaces.
         Starting Initial cloud-init job (metadata service crawler)...
[[0;32m  OK  [0m] Reached target Network.
[    6.313270] cloud-init[1083]: Cloud-init v. 21.1-19-gbad84ad4-0ubuntu1~16.04.2 running 'init' at Thu, 16 Nov 2023 12:13:16 +0000. Up 6.12 seconds.
[    6.314419] cloud-init[1083]: ci-info: ++++++++++++++++++++++++++++++++++++++Net device info+++++++++++++++++++++++++++++++++++++++
[    6.315531] cloud-init[1083]: ci-info: +--------+------+-----------------------------+---------------+--------+-------------------+
[    6.316540] cloud-init[1083]: ci-info: | Device |  Up  |           Address           |      Mask     | Scope  |     Hw-Address    |
[    6.317654] cloud-init[1083]: ci-info: +--------+------+-----------------------------+---------------+--------+-------------------+
[    6.318863] cloud-init[1083]: ci-info: | enp0s3 | True |          10.0.2.15          | 255.255.255.0 | global | 02:be:82:6b:cc:1d |
[    6.320108] cloud-init[1083]: ci-info: | enp0s3 | True |  fe80::be:82ff:fe6b:cc1d/64 |       .       |  link  | 02:be:82:6b:cc:1d |
[    6.321332] cloud-init[1083]: ci-info: | enp0s8 | True |         192.168.33.7        | 255.255.255.0 | global | 08:00:27:40:fc:fd |
[    6.322551] cloud-init[1083]: ci-info: | enp0s8 | True | fe80::a00:27ff:fe40:fcfd/64 |       .       |  link  | 08:00:27:40:fc:fd |
[    6.323798] cloud-init[1083]: ci-info: |   lo   | True |          127.0.0.1          |   255.0.0.0   |  host  |         .         |
[    6.325009] cloud-init[1083]: ci-info: |   lo   | True |           ::1/128           |       .       |  host  |         .         |
[    6.326249] cloud-init[1083]: ci-info: +--------+------+-----------------------------+---------------+--------+-------------------+
[    6.327471] cloud-init[1083]: ci-info: ++++++++++++++++++++++++++++Route IPv4 info++++++++++++++++++++++++++++
[    6.328630] cloud-init[1083]: ci-info: +-------+--------------+----------+---------------+-----------+-------+
[    6.329586] cloud-init[1083]: ci-info: | Route | Destination  | Gateway  |    Genmask    | Interface | Flags |
[    6.330461] cloud-init[1083]: ci-info: +-------+--------------+----------+---------------+-----------+-------+
[    6.331372] cloud-init[1083]: ci-info: |   0   |   0.0.0.0    | 10.0.2.2 |    0.0.0.0    |   enp0s3  |   UG  |
[    6.332236] cloud-init[1083]: ci-info: |   1   |   10.0.2.0   | 0.0.0.0  | 255.255.255.0 |   enp0s3  |   U   |
[    6.333129] cloud-init[1083]: ci-info: |   2   | 192.168.33.0 | 0.0.0.0  | 255.255.255.0 |   enp0s8  |   U   |
[    6.334027] cloud-init[1083]: ci-info: +-------+--------------+----------+---------------+-----------+-------+
[    6.335005] cloud-init[1083]: ci-info: +++++++++++++++++++Route IPv6 info+++++++++++++++++++
[    6.335782] cloud-init[1083]: ci-info: +-------+-------------+---------+-----------+-------+
[    6.336597] cloud-init[1083]: ci-info: | Route | Destination | Gateway | Interface | Flags |
[    6.337357] cloud-init[1083]: ci-info: +-------+-------------+---------+-----------+-------+
[    6.338220] cloud-init[1083]: ci-info: |   0   |  fe80::/64  |    ::   |   enp0s8  |   U   |
[    6.339018] cloud-init[1083]: ci-info: |   1   |  fe80::/64  |    ::   |   enp0s3  |   U   |
[    6.339843] cloud-init[1083]: ci-info: |   4   |   ff00::/8  |    ::   |   enp0s8  |   U   |
[    6.340701] cloud-init[1083]: ci-info: |   5   |   ff00::/8  |    ::   |   enp0s3  |   U   |
[    6.341709] cloud-init[1083]: ci-info: +-------+-------------+---------+-----------+-------+
[[0;32m  OK  [0m] Started Initial cloud-init job (metadata service crawler).
[[0;32m  OK  [0m] Reached target System Initialization.
         Starting LXD - unix socket.
[[0;32m  OK  [0m] Listening on ACPID Listen Socket.
         Starting Socket activation for snappy daemon.
[[0;32m  OK  [0m] Started ACPI Events Check.
[[0;32m  OK  [0m] Reached target Paths.
[[0;32m  OK  [0m] Listening on D-Bus System Message Bus Socket.
[[0;32m  OK  [0m] Started Daily Cleanup of Temporary Directories.
[[0;32m  OK  [0m] Listening on UUID daemon activation socket.
[[0;32m  OK  [0m] Started Message of the Day.
[[0;32m  OK  [0m] Started Ubuntu Advantage update messaging.
[[0;32m  OK  [0m] Started Daily apt download activities.
[[0;32m  OK  [0m] Started Daily apt upgrade and clean activities.
[[0;32m  OK  [0m] Reached target Timers.
[[0;32m  OK  [0m] Reached target Network is Online.
         Starting iSCSI initiator daemon (iscsid)...
[[0;32m  OK  [0m] Reached target Cloud-config availability.
[[0;32m  OK  [0m] Listening on LXD - unix socket.
[[0;32m  OK  [0m] Listening on Socket activation for snappy daemon.
[[0;32m  OK  [0m] Reached target Sockets.
[[0;32m  OK  [0m] Reached target Basic System.
[[0;32m  OK  [0m] Started GitLab Runner.
         Starting Accounts Service...
         Starting LSB: Record successful boot for GRUB...
         Starting LXD - container startup/shutdown...
         Starting Virtualbox guest utils...
         Starting System Logging Service...
[[0;32m  OK  [0m] Started ACPI event daemon.
         Starting MySQL Community Server...
         Starting Login Service...
         Starting LSB: MD monitoring daemon...
[[0;32m  OK  [0m] Started FUSE filesystem for LXC.
[[0;32m  OK  [0m] Started D-Bus System Message Bus.
         Starting OpenBSD Secure Shell server...
         Starting /etc/rc.local Compatibility...
[[0;32m  OK  [0m] Started Regular background program processing daemon.
[[0;32m  OK  [0m] Started Deferred execution scheduler.
         Starting Snap Daemon...
[[0;32m  OK  [0m] Started System Logging Service.
[[0;32m  OK  [0m] Started iSCSI initiator daemon (iscsid).
[[0;32m  OK  [0m] Started LXD - container startup/shutdown.
[[0;32m  OK  [0m] Started /etc/rc.local Compatibility.
[[0;32m  OK  [0m] Started Login Service.
[[0;32m  OK  [0m] Started Unattended Upgrades Shutdown.
         Starting Authenticate and Authorize Users to Run Privileged Tasks...
         Starting Login to default iSCSI targets...
[[0;32m  OK  [0m] Started OpenBSD Secure Shell server.
[[0;32m  OK  [0m] Started Login to default iSCSI targets.
[[0;32m  OK  [0m] Reached target Remote File Systems (Pre).
         Mounting /vagrant...
         Mounting /vagrant_data...
[[0;32m  OK  [0m] Started LSB: Record successful boot for GRUB.
[[0;32m  OK  [0m] Started LSB: MD monitoring daemon.
[[0;1;31mFAILED[0m] Failed to mount /vagrant.
See 'systemctl status vagrant.mount' for details.
[[0;1;33mDEPEND[0m] Dependency failed for Remote File Systems.
         Starting LSB: Set the CPU Frequency Scaling governor to "ondemand"...
         Starting LSB: automatic crash report generation...
         Starting LSB: daemon to balance interrupts for SMP systems...
         Starting Permit User Sessions...
[[0;1;31mFAILED[0m] Failed to mount /vagrant_data.
See 'systemctl status vagrant_data.mount' for details.
[[0;32m  OK  [0m] Started Permit User Sessions.
         Starting Hold until boot process finishes up...
         Starting Terminate Plymouth Boot Screen...
[[0;32m  OK  [0m] Started Hold until boot process finishes up.
[[0;32m  OK  [0m] Started Getty on tty1.
         Starting Set console scheme...
[[0;32m  OK  [0m] Started Serial Getty on ttyS0.
[[0;32m  OK  [0m] Reached target Login Prompts.
[[0;32m  OK  [0m] Started Terminate Plymouth Boot Screen.
[[0;32m  OK  [0m] Started Set console scheme.
[[0;32m  OK  [0m] Started Authenticate and Authorize Users to Run Privileged Tasks.
[[0;32m  OK  [0m] Started Accounts Service.
[[0;32m  OK  [0m] Started LSB: Set the CPU Frequency Scaling governor to "ondemand".
[[0;32m  OK  [0m] Started LSB: daemon to balance interrupts for SMP systems.
[[0;32m  OK  [0m] Started LSB: automatic crash report generation.
[[0;32m  OK  [0m] Started Virtualbox guest utils.
[[0;32m  OK  [0m] Started Snap Daemon.
         Starting Wait until snapd is fully seeded...
[[0;32m  OK  [0m] Started Wait until snapd is fully seeded.
         Starting Apply the settings specified in cloud-config...
[    7.134190] cloud-init[1368]: Cloud-init v. 21.1-19-gbad84ad4-0ubuntu1~16.04.2 running 'modules:config' at Thu, 16 Nov 2023 12:13:17 +0000. Up 7.06 seconds.
[[0;32m  OK  [0m] Started Apply the settings specified in cloud-config.
[[0;32m  OK  [0m] Started MySQL Community Server.
[[0;32m  OK  [0m] Reached target Multi-User System.
[[0;32m  OK  [0m] Reached target Graphical Interface.
         Starting Update UTMP about System Runlevel Changes...
         Starting Execute cloud user/final scripts...
[[0;32m  OK  [0m] Started Update UTMP about System Runlevel Changes.
[    7.977522] cloud-init[1412]: Cloud-init v. 21.1-19-gbad84ad4-0ubuntu1~16.04.2 running 'modules:final' at Thu, 16 Nov 2023 12:13:18 +0000. Up 7.89 seconds.
[    7.979164] cloud-init[1412]: Cloud-init v. 21.1-19-gbad84ad4-0ubuntu1~16.04.2 finished at Thu, 16 Nov 2023 12:13:18 +0000. Datasource DataSourceNoCloud [seed=/dev/sdb][dsmode=net].  Up 7.97 seconds
[[0;32m  OK  [0m] Started Execute cloud user/final scripts.
[[0;32m  OK  [0m] Reached target Cloud-init target.

Ubuntu 16.04.7 LTS stage-vm ttyS0

stage-vm login: [[0;32m  OK  [0m] Stopped target Timers.
         Stopping ACPI event daemon...
         Stopping Authenticate and Authorize Users to Run Privileged Tasks...
[[0;32m  OK  [0m] Stopped target Cloud-init target.
[[0;32m  OK  [0m] Stopped Execute cloud user/final scripts.
[[0;32m  OK  [0m] Stopped Apply the settings specified in cloud-config.
[[0;32m  OK  [0m] Stopped Message of the Day.
         Stopping Session 2 of user vagrant.
[[0;32m  OK  [0m] Stopped target Graphical Interface.
         Stopping Accounts Service...
[[0;32m  OK  [0m] Stopped Daily apt upgrade and clean activities.
[[0;32m  OK  [0m] Stopped Daily apt download activities.
[[0;32m  OK  [0m] Stopped target Multi-User System.
         Stopping LSB: Set the CPU Frequency Scaling governor to "ondemand"...
         Stopping Virtualbox guest utils...
         Stopping GitLab Runner...
         Stopping LSB: automatic crash report generation...
         Stopping System Logging Service...
         Stopping LXD - container startup/shutdown...
         Stopping D-Bus System Message Bus...
         Stopping LSB: MD monitoring daemon...
         Stopping LSB: Record successful boot for GRUB...
         Stopping OpenBSD Secure Shell server...
         Stopping Deferred execution scheduler...
         Stopping Regular background program processing daemon...
[[0;32m  OK  [0m] Stopped Daily Cleanup of Temporary Directories.
[[0;32m  OK  [0m] Closed Load/Save RF Kill Switch Status /dev/rfkill Watch.
[[0;32m  OK  [0m] Stopped Ubuntu Advantage update messaging.
[[0;32m  OK  [0m] Stopped target System Time Synchronized.
         Stopping FUSE filesystem for LXC...
         Stopping LSB: daemon to balance interrupts for SMP systems...
         Stopping User Manager for UID 1000...
[[0;32m  OK  [0m] Stopped target Login Prompts.
         Stopping Serial Getty on ttyS0...
         Stopping Gett         Stopping Login to default iSCSI targets...
         Stopping MySQL Community Server...
[[0;32m  OK  [0m] Stopped Wait until snapd is fully seeded.
[[0;32m  OK  [0m] Unmounted /var/lib/lxcfs.
[[0;32m  OK  [0m] Stopped GitLab Runner.
[[0;32m  OK  [0m] Stopped Accounts Service.
[[0;32m  OK  [0m] Stopped System Logging Service.
[[0;32m  OK  [0m] Stopped ACPI event daemon.
[[0;32m  OK  [0m] Stopped Regular background program processing daemon.
[[0;32m  OK  [0m] Stopped Deferred execution scheduler.
[[0;32m  OK  [0m] Stopped OpenBSD Secure Shell server.
[[0;32m  OK  [0m] Stopped Authenticate and Authorize Users to Run Privileged Tasks.
[[0;32m  OK  [0m] Stopped Getty on tty1.
[[0;32m  OK  [0m] Stopped Serial Getty on ttyS0.
[[0;32m  OK  [0m] Stopped User Manager for UID 1000.
[[0;32m  OK  [0m] Stopped Session 2 of user vagrant.
[[0;32m  OK  [0m] Stopped D-Bus System Message Bus.
[[0;32m  OK  [0m] Stopped FUSE filesystem for LXC.
[[0;32m  OK  [0m] Stopped Login to default iSCSI targets.
[[0;32m  OK  [0m] Stopped LXD - container startup/shutdown.
[[0;32m  OK  [0m] Stopped LSB: Set the CPU Frequency Scaling governor to "ondemand".
[[0;32m  OK  [0m] Stopped LSB: MD monitoring daemon.
[[0;32m  OK  [0m] Stopped LSB: Record successful boot for GRUB.
[[0;32m  OK  [0m] Stopped LSB: automatic crash report generation.
         Stopping iSCSI initiator daemon (iscsid)...
[[0;32m  OK  [0m] Removed slice User Slice of vagrant.
         Stopping Login Service...
[[0;32m  OK  [0m] Removed slice system-serial\x2dgetty.slice.
[[0;32m  OK  [0m] Stopped /etc/rc.local Compatibility.
         Stopping Permit User Sessions...
[[0;32m  OK  [0m] Removed slice system-getty.slice.
[[0;32m  OK  [0m] Stopped Virtualbox guest utils.
[[0;32m  OK  [0m] Stopped LSB: daemon to balance interrupts for SMP systems.
[[0;32m  OK  [0m] Stopped iSCSI initiator daemon (iscsid).
[[0;32m  OK  [0m] Stopped Permit User Sessions.
[[0;32m  OK  [0m] Stopped target Network is Online.
[[0;32m  OK  [0m] Stopped Login Service.
[[0;32m  OK  [0m] Stopped target User and Group Name Lookups.
[[0;32m  OK  [0m] Stopped MySQL Community Server.
[[0;32m  OK  [0m] Stopped target Basic System.
[[0;32m  OK  [0m] Stopped target Paths.
[[0;32m  OK  [0m] Stopped ACPI Events Check.
[[0;32m  OK  [0m] Stopped Forward Password Requests to Wall Directory Watch.
[[0;32m  OK  [0m] Stopped Dispatch Password Requests to Console Directory Watch.
[[0;32m  OK  [0m] Stopped target Slices.
[[0;32m  OK  [0m] Removed slice User and Session Slice.
[[0;32m  OK  [0m] Stopped target Sockets.
[[0;32m  OK  [0m] Closed Socket activation for snappy daemon.
[[0;32m  OK  [0m] Closed D-Bus System Message Bus Socket.
[[0;32m  OK  [0m] Closed ACPID Listen Socket.
[[0;32m  OK  [0m] Closed LXD - unix socket.
[[0;32m  OK  [0m] Closed UUID daemon activation socket.
[[0;32m  OK  [0m] Stopped target System Initialization.
         Stopping Load/Save Random Seed...
         Stopping Update UTMP about System Boot/Shutdown...
[[0;32m  OK  [0m] Stopped target Swap.
[[0;32m  OK  [0m] Stopped target Encrypted Volumes.
[[0;32m  OK  [0m] Stopped Initial cloud-init job (metadata service crawler).
[[0;32m  OK  [0m] Closed Syslog Socket.
[[0;32m  OK  [0m] Stopped target Network.
         Stopping Raise network interfaces...
[[0;32m  OK  [0m] Stopped Load/Save Random Seed.
[[0;32m  OK  [0m] Stopped Update UTMP about System Boot/Shutdown.
[[0;32m  OK  [0m] Stopped Create Volatile Files and Directories.
[[0;32m  OK  [0m] Stopped Raise network interfaces.
[[0;32m  OK  [0m] Stopped target Network (Pre).
[[0;32m  OK  [0m] Stopped Initial cloud-init job (pre-networking).
[[0;32m  OK  [0m] Stopped target Local File Systems.
         Unmounting /run/user/1000...
[[0;32m  OK  [0m] Stopped Apply Kernel Variables.
[[0;32m  OK  [0m] Stopped Load Kernel Modules.
[[0;32m  OK  [0m] Unmounted /run/user/1000.
[[0;32m  OK  [0m] Reached target Unmount All Filesystems.
[[0;32m  OK  [0m] Stopped target Local File Systems (Pre).
         Stopping Monitoring of LVM2 mirrors... dmeventd or progress polling...
[[0;32m  OK  [0m] Stopped Create Static Device Nodes in /dev.
[[0;32m  OK  [0m] Stopped Remount Root and Kernel File Systems.
[[0;32m  OK  [0m] Reached target Shutdown.
[ 3498.013624] reboot: Power down
