[    0.000000] Initializing cgroup subsys cpuset
[    0.000000] Initializing cgroup subsys cpu
[    0.000000] Initializing cgroup subsys cpuacct
[    0.000000] Linux version 4.4.0-210-generic (buildd@lgw01-amd64-009) (gcc version 5.4.0 20160609 (Ubuntu 5.4.0-6ubuntu1~16.04.12) ) #242-Ubuntu SMP Fri Apr 16 09:57:56 UTC 2021 (Ubuntu 4.4.0-210.242-generic 4.4.262)
[    0.000000] Command line: BOOT_IMAGE=/boot/vmlinuz-4.4.0-210-generic root=LABEL=cloudimg-rootfs ro console=tty1 console=ttyS0
[    0.000000] KERNEL supported cpus:
[    0.000000]   Intel GenuineIntel
[    0.000000]   AMD AuthenticAMD
[    0.000000]   Centaur CentaurHauls
[    0.000000] x86/fpu: xstate_offset[2]:  576, xstate_sizes[2]:  256
[    0.000000] x86/fpu: Supporting XSAVE feature 0x01: 'x87 floating point registers'
[    0.000000] x86/fpu: Supporting XSAVE feature 0x02: 'SSE registers'
[    0.000000] x86/fpu: Supporting XSAVE feature 0x04: 'AVX registers'
[    0.000000] x86/fpu: Enabled xstate features 0x7, context size is 832 bytes, using 'standard' format.
[    0.000000] e820: BIOS-provided physical RAM map:
[    0.000000] BIOS-e820: [mem 0x0000000000000000-0x000000000009fbff] usable
[    0.000000] BIOS-e820: [mem 0x000000000009fc00-0x000000000009ffff] reserved
[    0.000000] BIOS-e820: [mem 0x00000000000f0000-0x00000000000fffff] reserved
[    0.000000] BIOS-e820: [mem 0x0000000000100000-0x00000000dffeffff] usable
[    0.000000] BIOS-e820: [mem 0x00000000dfff0000-0x00000000dfffffff] ACPI data
[    0.000000] BIOS-e820: [mem 0x00000000fec00000-0x00000000fec00fff] reserved
[    0.000000] BIOS-e820: [mem 0x00000000fee00000-0x00000000fee00fff] reserved
[    0.000000] BIOS-e820: [mem 0x00000000fffc0000-0x00000000ffffffff] reserved
[    0.000000] BIOS-e820: [mem 0x0000000100000000-0x000000021fffffff] usable
[    0.000000] NX (Execute Disable) protection: active
[    0.000000] SMBIOS 2.5 present.
[    0.000000] Hypervisor detected: KVM
[    0.000000] e820: last_pfn = 0x220000 max_arch_pfn = 0x400000000
[    0.000000] MTRR: Disabled
[    0.000000] x86/PAT: MTRRs disabled, skipping PAT initialization too.
[    0.000000] CPU MTRRs all blank - virtualized system.
[    0.000000] x86/PAT: Configuration [0-7]: WB  WT  UC- UC  WB  WT  UC- UC  
[    0.000000] e820: last_pfn = 0xdfff0 max_arch_pfn = 0x400000000
[    0.000000] found SMP MP-table at [mem 0x0009fff0-0x0009ffff] mapped at [ffff88000009fff0]
[    0.000000] Scanning 1 areas for low memory corruption
[    0.000000] RAMDISK: [mem 0x362dc000-0x37165fff]
[    0.000000] ACPI: Early table checksum verification disabled
[    0.000000] ACPI: RSDP 0x00000000000E0000 000024 (v02 VBOX  )
[    0.000000] ACPI: XSDT 0x00000000DFFF0030 00003C (v01 VBOX   VBOXXSDT 00000001 ASL  00000061)
[    0.000000] ACPI: FACP 0x00000000DFFF00F0 0000F4 (v04 VBOX   VBOXFACP 00000001 ASL  00000061)
[    0.000000] ACPI: DSDT 0x00000000DFFF0620 002353 (v02 VBOX   VBOXBIOS 00000002 INTL 20200925)
[    0.000000] ACPI: FACS 0x00000000DFFF0200 000040
[    0.000000] ACPI: FACS 0x00000000DFFF0200 000040
[    0.000000] ACPI: APIC 0x00000000DFFF0240 00006C (v02 VBOX   VBOXAPIC 00000001 ASL  00000061)
[    0.000000] ACPI: SSDT 0x00000000DFFF02B0 00036C (v01 VBOX   VBOXCPUT 00000002 INTL 20200925)
[    0.000000] No NUMA configuration found
[    0.000000] Faking a node at [mem 0x0000000000000000-0x000000021fffffff]
[    0.000000] NODE_DATA(0) allocated [mem 0x21fff5000-0x21fff9fff]
[    0.000000] kvm-clock: Using msrs 4b564d01 and 4b564d00
[    0.000000] kvm-clock: cpu 0, msr 2:1ffed001, primary cpu clock
[    0.000000] kvm-clock: using sched offset of 2864697855 cycles
[    0.000000] clocksource: kvm-clock: mask: 0xffffffffffffffff max_cycles: 0x1cd42e4dffb, max_idle_ns: 881590591483 ns
[    0.000000] Zone ranges:
[    0.000000]   DMA      [mem 0x0000000000001000-0x0000000000ffffff]
[    0.000000]   DMA32    [mem 0x0000000001000000-0x00000000ffffffff]
[    0.000000]   Normal   [mem 0x0000000100000000-0x000000021fffffff]
[    0.000000]   Device   empty
[    0.000000] Movable zone start for each node
[    0.000000] Early memory node ranges
[    0.000000]   node   0: [mem 0x0000000000001000-0x000000000009efff]
[    0.000000]   node   0: [mem 0x0000000000100000-0x00000000dffeffff]
[    0.000000]   node   0: [mem 0x0000000100000000-0x000000021fffffff]
[    0.000000] Initmem setup node 0 [mem 0x0000000000001000-0x000000021fffffff]
[    0.000000] ACPI: PM-Timer IO Port: 0x4008
[    0.000000] IOAPIC[0]: apic_id 4, version 32, address 0xfec00000, GSI 0-23
[    0.000000] ACPI: INT_SRC_OVR (bus 0 bus_irq 0 global_irq 2 dfl dfl)
[    0.000000] ACPI: INT_SRC_OVR (bus 0 bus_irq 9 global_irq 9 low level)
[    0.000000] Using ACPI (MADT) for SMP configuration information
[    0.000000] smpboot: Allowing 4 CPUs, 0 hotplug CPUs
[    0.000000] PM: Registered nosave memory: [mem 0x00000000-0x00000fff]
[    0.000000] PM: Registered nosave memory: [mem 0x0009f000-0x0009ffff]
[    0.000000] PM: Registered nosave memory: [mem 0x000a0000-0x000effff]
[    0.000000] PM: Registered nosave memory: [mem 0x000f0000-0x000fffff]
[    0.000000] PM: Registered nosave memory: [mem 0xdfff0000-0xdfffffff]
[    0.000000] PM: Registered nosave memory: [mem 0xe0000000-0xfebfffff]
[    0.000000] PM: Registered nosave memory: [mem 0xfec00000-0xfec00fff]
[    0.000000] PM: Registered nosave memory: [mem 0xfec01000-0xfedfffff]
[    0.000000] PM: Registered nosave memory: [mem 0xfee00000-0xfee00fff]
[    0.000000] PM: Registered nosave memory: [mem 0xfee01000-0xfffbffff]
[    0.000000] PM: Registered nosave memory: [mem 0xfffc0000-0xffffffff]
[    0.000000] e820: [mem 0xe0000000-0xfebfffff] available for PCI devices
[    0.000000] Booting paravirtualized kernel on KVM
[    0.000000] clocksource: refined-jiffies: mask: 0xffffffff max_cycles: 0xffffffff, max_idle_ns: 7645519600211568 ns
[    0.000000] setup_percpu: NR_CPUS:512 nr_cpumask_bits:512 nr_cpu_ids:4 nr_node_ids:1
[    0.000000] PERCPU: Embedded 33 pages/cpu @ffff88021fc00000 s95192 r8192 d31784 u524288
[    0.000000] Built 1 zonelists in Node order, mobility grouping on.  Total pages: 2064248
[    0.000000] Policy zone: Normal
[    0.000000] Kernel command line: BOOT_IMAGE=/boot/vmlinuz-4.4.0-210-generic root=LABEL=cloudimg-rootfs ro console=tty1 console=ttyS0
[    0.000000] PID hash table entries: 4096 (order: 3, 32768 bytes)
[    0.000000] Memory: 8156800K/8388152K available (8644K kernel code, 1332K rwdata, 4044K rodata, 1492K init, 1164K bss, 231352K reserved, 0K cma-reserved)
[    0.000000] SLUB: HWalign=64, Order=0-3, MinObjects=0, CPUs=4, Nodes=1
[    0.000000] Kernel/User page tables isolation: enabled
[    0.000000] Hierarchical RCU implementation.
[    0.000000] 	Build-time adjustment of leaf fanout to 64.
[    0.000000] 	RCU restricting CPUs from NR_CPUS=512 to nr_cpu_ids=4.
[    0.000000] RCU: Adjusting geometry for rcu_fanout_leaf=64, nr_cpu_ids=4
[    0.000000] NR_IRQS:33024 nr_irqs:456 16
[    0.000000] Console: colour VGA+ 80x25
[    0.000000] console [tty1] enabled
[    0.000000] console [ttyS0] enabled
[    0.000000] tsc: Detected 2112.014 MHz processor
[    0.163171] Calibrating delay loop (skipped) preset value.. 4224.02 BogoMIPS (lpj=8448056)
[    0.164553] pid_max: default: 32768 minimum: 301
[    0.165343] ACPI: Core revision 20150930
[    0.166777] ACPI: 2 ACPI AML tables successfully acquired and loaded
[    0.167832] Security Framework initialized
[    0.168511] Yama: becoming mindful.
[    0.169140] AppArmor: AppArmor initialized
[    0.170333] Dentry cache hash table entries: 1048576 (order: 11, 8388608 bytes)
[    0.173336] Inode-cache hash table entries: 524288 (order: 10, 4194304 bytes)
[    0.175149] Mount-cache hash table entries: 16384 (order: 5, 131072 bytes)
[    0.176194] Mountpoint-cache hash table entries: 16384 (order: 5, 131072 bytes)
[    0.177708] Initializing cgroup subsys io
[    0.178345] Initializing cgroup subsys memory
[    0.178956] Initializing cgroup subsys devices
[    0.179607] Initializing cgroup subsys freezer
[    0.180257] Initializing cgroup subsys net_cls
[    0.180913] Initializing cgroup subsys perf_event
[    0.181590] Initializing cgroup subsys net_prio
[    0.182199] Initializing cgroup subsys hugetlb
[    0.182852] Initializing cgroup subsys pids
[    0.196160] mce: CPU supports 0 MCE banks
[    0.196843] Last level iTLB entries: 4KB 64, 2MB 8, 4MB 8
[    0.197652] Last level dTLB entries: 4KB 64, 2MB 0, 4MB 0, 1GB 4
[    0.198556] Spectre V1 : Mitigation: usercopy/swapgs barriers and __user pointer sanitization
[    0.199700] Spectre V2 : Mitigation: Full generic retpoline
[    0.200431] Spectre V2 : Spectre v2 / SpectreRSB mitigation: Filling RSB on context switch
[    0.201629] Speculative Store Bypass: Vulnerable
[    0.202335] SRBDS: Unknown: Dependent on hypervisor status
[    0.203136] MDS: Mitigation: Clear CPU buffers
[    0.205786] Freeing SMP alternatives memory: 36K
[    0.210799] ftrace: allocating 32380 entries in 127 pages
[    0.256266] smpboot: APIC(0) Converting physical 0 to logical package 0
[    0.257133] smpboot: Max logical packages: 1
[    0.257968] x2apic enabled
[    0.258680] Switched APIC routing to physical x2apic.
[    0.260250] ..TIMER: vector=0x30 apic1=0 pin1=2 apic2=-1 pin2=-1
[    0.369155] smpboot: CPU0: Intel(R) Core(TM) i5-10210U CPU @ 1.60GHz (family: 0x6, model: 0x8e, stepping: 0xc)
[    0.370979] Performance Events: unsupported p6 CPU model 142 no PMU driver, software events only.
[    0.379347] KVM setup paravirtual spinlock
[    0.380818] x86: Booting SMP configuration:
[    0.381540] .... node  #0, CPUs:      #1
[    0.382520] kvm-clock: cpu 1, msr 2:1ffed041, secondary cpu clock
[    0.396708] mce: CPU supports 0 MCE banks
[    0.399173]  #2
[    0.399655] kvm-clock: cpu 2, msr 2:1ffed081, secondary cpu clock
[    0.412718] mce: CPU supports 0 MCE banks
[    0.415202]  #3
[    0.415700] kvm-clock: cpu 3, msr 2:1ffed0c1, secondary cpu clock
[    0.428952] mce: CPU supports 0 MCE banks
[    0.431396] x86: Booted up 1 node, 4 CPUs
[    0.432285] smpboot: Total of 4 processors activated (16896.11 BogoMIPS)
[    0.433848] devtmpfs: initialized
[    0.436671] evm: security.selinux
[    0.437366] evm: security.SMACK64
[    0.437983] evm: security.SMACK64EXEC
[    0.438672] evm: security.SMACK64TRANSMUTE
[    0.439410] evm: security.SMACK64MMAP
[    0.440024] evm: security.ima
[    0.440573] evm: security.capability
[    0.441323] clocksource: jiffies: mask: 0xffffffff max_cycles: 0xffffffff, max_idle_ns: 7645041785100000 ns
[    0.442765] futex hash table entries: 1024 (order: 4, 65536 bytes)
[    0.443773] pinctrl core: initialized pinctrl subsystem
[    0.444630] RTC time:  7:14:18, date: 11/16/23
[    0.445699] NET: Registered protocol family 16
[    0.460857] cpuidle: using governor ladder
[    0.468749] cpuidle: using governor menu
[    0.469549] PCCT header not found.
[    0.470369] ACPI: bus type PCI registered
[    0.471160] acpiphp: ACPI Hot Plug PCI Controller Driver version: 0.5
[    0.472391] PCI: Using configuration type 1 for base access
[    0.485109] ACPI: Added _OSI(Module Device)
[    0.485883] ACPI: Added _OSI(Processor Device)
[    0.486662] ACPI: Added _OSI(3.0 _SCP Extensions)
[    0.487412] ACPI: Added _OSI(Processor Aggregator Device)
[    0.488814] ACPI: Executed 1 blocks of module-level executable AML code
[    0.491631] ACPI: Interpreter enabled
[    0.492371] ACPI: (supports S0 S5)
[    0.493029] ACPI: Using IOAPIC for interrupt routing
[    0.494077] PCI: Using host bridge windows from ACPI; if necessary, use "pci=nocrs" and report a bug
[    0.498896] ACPI: PCI Root Bridge [PCI0] (domain 0000 [bus 00-ff])
[    0.499960] acpi PNP0A03:00: _OSC: OS supports [ASPM ClockPM Segments MSI]
[    0.501386] acpi PNP0A03:00: _OSC: not requesting OS control; OS requires [ExtendedConfig ASPM ClockPM MSI]
[    0.502995] acpi PNP0A03:00: fail to add MMCONFIG information, can't access extended PCI configuration space under this bridge.
[    0.514192] PCI host bridge to bus 0000:00
[    0.515003] pci_bus 0000:00: root bus resource [io  0x0000-0x0cf7 window]
[    0.516134] pci_bus 0000:00: root bus resource [io  0x0d00-0xffff window]
[    0.517211] pci_bus 0000:00: root bus resource [mem 0x000a0000-0x000bffff window]
[    0.518582] pci_bus 0000:00: root bus resource [mem 0xe0000000-0xfdffffff window]
[    0.519910] pci_bus 0000:00: root bus resource [bus 00-ff]
[    0.521999] pci 0000:00:01.1: legacy IDE quirk: reg 0x10: [io  0x01f0-0x01f7]
[    0.523101] pci 0000:00:01.1: legacy IDE quirk: reg 0x14: [io  0x03f6]
[    0.524108] pci 0000:00:01.1: legacy IDE quirk: reg 0x18: [io  0x0170-0x0177]
[    0.525244] pci 0000:00:01.1: legacy IDE quirk: reg 0x1c: [io  0x0376]
[    0.584660] pci 0000:00:07.0: quirk: [io  0x4000-0x403f] claimed by PIIX4 ACPI
[    0.586026] pci 0000:00:07.0: quirk: [io  0x4100-0x410f] claimed by PIIX4 SMB
[    0.624465] ACPI: PCI Interrupt Link [LNKA] (IRQs 5 9 10 *11)
[    0.626232] ACPI: PCI Interrupt Link [LNKB] (IRQs 5 9 *10 11)
[    0.627710] ACPI: PCI Interrupt Link [LNKC] (IRQs 5 *9 10 11)
[    0.629116] ACPI: PCI Interrupt Link [LNKD] (IRQs 5 9 10 *11)
[    0.630528] ACPI: Enabled 2 GPEs in block 00 to 07
[    0.631691] vgaarb: setting as boot device: PCI:0000:00:02.0
[    0.632712] vgaarb: device added: PCI:0000:00:02.0,decodes=io+mem,owns=io+mem,locks=none
[    0.634263] vgaarb: loaded
[    0.634918] vgaarb: bridge control possible 0000:00:02.0
[    0.636078] SCSI subsystem initialized
[    0.637030] ACPI: bus type USB registered
[    0.637865] usbcore: registered new interface driver usbfs
[    0.638871] usbcore: registered new interface driver hub
[    0.639856] usbcore: registered new device driver usb
[    0.641127] PCI: Using ACPI for IRQ routing
[    0.642140] NetLabel: Initializing
[    0.642835] NetLabel:  domain hash size = 128
[    0.643641] NetLabel:  protocols = UNLABELED CIPSOv4
[    0.644568] NetLabel:  unlabeled traffic allowed by default
[    0.645706] amd_nb: Cannot enumerate AMD northbridges
[    0.646726] clocksource: Switched to clocksource kvm-clock
[    0.652364] AppArmor: AppArmor Filesystem Enabled
[    0.653370] pnp: PnP ACPI init
[    0.654645] pnp: PnP ACPI: found 3 devices
[    0.662620] clocksource: acpi_pm: mask: 0xffffff max_cycles: 0xffffff, max_idle_ns: 2085701024 ns
[    0.664288] NET: Registered protocol family 2
[    0.665456] TCP established hash table entries: 65536 (order: 7, 524288 bytes)
[    0.666976] TCP bind hash table entries: 65536 (order: 8, 1048576 bytes)
[    0.668202] TCP: Hash tables configured (established 65536 bind 65536)
[    0.669324] UDP hash table entries: 4096 (order: 5, 131072 bytes)
[    0.670432] UDP-Lite hash table entries: 4096 (order: 5, 131072 bytes)
[    0.671636] NET: Registered protocol family 1
[    0.672497] pci 0000:00:00.0: Limiting direct PCI/PCI transfers
[    0.673569] pci 0000:00:01.0: Activating ISA DMA hang workarounds
[    0.674869] Unpacking initramfs...
[    0.855701] Freeing initrd memory: 14888K
[    0.856458] PCI-DMA: Using software bounce buffering for IO (SWIOTLB)
[    0.857521] software IO TLB: mapped [mem 0xdbff0000-0xdfff0000] (64MB)
[    0.858532] clocksource: tsc: mask: 0xffffffffffffffff max_cycles: 0x1e7185b7ee7, max_idle_ns: 440795263912 ns
[    0.860105] platform rtc_cmos: registered platform RTC device (no PNP device found)
[    0.861413] Scanning for low memory corruption every 60 seconds
[    0.862786] audit: initializing netlink subsys (disabled)
[    0.863670] audit: type=2000 audit(1700118862.631:1): initialized
[    0.864916] Initialise system trusted keyring
[    0.865794] HugeTLB registered 2 MB page size, pre-allocated 0 pages
[    0.867749] zbud: loaded
[    0.868642] VFS: Disk quotas dquot_6.6.0
[    0.869344] VFS: Dquot-cache hash table entries: 512 (order 0, 4096 bytes)
[    0.870546] squashfs: version 4.0 (2009/01/31) Phillip Lougher
[    0.871778] fuse init (API version 7.23)
[    0.872639] Key type big_key registered
[    0.873349] Allocating IMA MOK and blacklist keyrings.
[    0.875317] Key type asymmetric registered
[    0.876011] Asymmetric key parser 'x509' registered
[    0.876839] Block layer SCSI generic (bsg) driver version 0.4 loaded (major 249)
[    0.878145] io scheduler noop registered
[    0.878895] io scheduler deadline registered (default)
[    0.879771] io scheduler cfq registered
[    0.880499] pci_hotplug: PCI Hot Plug PCI Core version: 0.5
[    0.881426] pciehp: PCI Express Hot Plug Controller Driver version: 0.4
[    0.882521] ACPI: AC Adapter [AC] (on-line)
[    0.883312] input: Power Button as /devices/LNXSYSTM:00/LNXPWRBN:00/input/input0
[    0.884596] ACPI: Power Button [PWRF]
[    0.885266] input: Sleep Button as /devices/LNXSYSTM:00/LNXSLPBN:00/input/input1
[    0.886509] ACPI: Sleep Button [SLPF]
[    0.887447] GHES: HEST is not enabled!
[    0.887884] ACPI: Battery Slot [BAT0] (battery present)
[    0.889154] Serial: 8250/16550 driver, 32 ports, IRQ sharing enabled
[    0.910484] 00:02: ttyS0 at I/O 0x3f8 (irq = 4, base_baud = 115200) is a 16550A
[    0.913183] Linux agpgart interface v0.103
[    0.915277] loop: module loaded
[    0.916309] scsi host0: ata_piix
[    0.917013] scsi host1: ata_piix
[    0.917651] ata1: PATA max UDMA/33 cmd 0x1f0 ctl 0x3f6 bmdma 0xd000 irq 14
[    0.918649] ata2: PATA max UDMA/33 cmd 0x170 ctl 0x376 bmdma 0xd008 irq 15
[    0.919762] libphy: Fixed MDIO Bus: probed
[    0.920497] tun: Universal TUN/TAP device driver, 1.6
[    0.921345] tun: (C) 1999-2004 Max Krasnyansky <maxk@qualcomm.com>
[    0.922526] PPP generic driver version 2.4.2
[    0.923346] ehci_hcd: USB 2.0 'Enhanced' Host Controller (EHCI) Driver
[    0.924330] ehci-pci: EHCI PCI platform driver
[    0.925097] ehci-platform: EHCI generic platform driver
[    0.925932] ohci_hcd: USB 1.1 'Open' Host Controller (OHCI) Driver
[    0.926903] ohci-pci: OHCI PCI platform driver
[    0.927632] ohci-platform: OHCI generic platform driver
[    0.928443] uhci_hcd: USB Universal Host Controller Interface driver
[    0.929500] i8042: PNP: PS/2 Controller [PNP0303:PS2K,PNP0f03:PS2M] at 0x60,0x64 irq 1,12
[    0.931175] serio: i8042 KBD port at 0x60,0x64 irq 1
[    0.932002] serio: i8042 AUX port at 0x60,0x64 irq 12
[    0.933065] mousedev: PS/2 mouse device common for all mice
[    0.934244] input: AT Translated Set 2 keyboard as /devices/platform/i8042/serio0/input/input2
[    0.936030] rtc_cmos rtc_cmos: rtc core: registered rtc_cmos as rtc0
[    0.937035] rtc_cmos rtc_cmos: alarms up to one day, 114 bytes nvram
[    0.938001] i2c /dev entries driver
[    0.938666] device-mapper: uevent: version 1.0.3
[    0.939553] device-mapper: ioctl: 4.34.0-ioctl (2015-10-28) initialised: dm-devel@redhat.com
[    0.940926] ledtrig-cpu: registered to indicate activity on CPUs
[    0.942203] NET: Registered protocol family 10
[    0.943268] NET: Registered protocol family 17
[    0.944040] Key type dns_resolver registered
[    0.945139] registered taskstats version 1
[    0.945848] Loading compiled-in X.509 certificates
[    0.947076] Loaded X.509 cert 'Build time autogenerated kernel key: cf00e047681d67edb2720680708b7d9498083038'
[    0.948646] zswap: loaded using pool lzo/zbud
[    0.951206] Key type trusted registered
[    0.954334] Key type encrypted registered
[    0.955025] AppArmor: AppArmor sha1 policy hashing enabled
[    0.955889] ima: No TPM chip found, activating TPM-bypass!
[    0.956764] ima: Allocated hash algorithm: sha1
[    0.957535] evm: HMAC attrs: 0x1
[    0.958512]   Magic number: 15:142:218
[    0.959304] rtc_cmos rtc_cmos: setting system clock to 2023-11-16 07:14:18 UTC (1700118858)
[    0.960816] BIOS EDD facility v0.16 2004-Jun-25, 0 devices found
[    0.961722] EDD information not available.
[    1.098159] Freeing unused kernel memory: 1492K
[    1.099072] Write protecting the kernel read-only data: 14336k
[    1.100535] Freeing unused kernel memory: 1584K
[    1.101606] Freeing unused kernel memory: 52K
Loading, please wait...
starting version 229
[    1.114116] random: systemd-udevd: uninitialized urandom read (16 bytes read, 2 bits of entropy available)
[    1.114683] random: udevadm: uninitialized urandom read (16 bytes read, 2 bits of entropy available)
[    1.114708] random: udevadm: uninitialized urandom read (16 bytes read, 2 bits of entropy available)
[    1.119380] random: systemd-udevd: uninitialized urandom read (16 bytes read, 2 bits of entropy available)
[    1.121144] random: systemd-udevd: uninitialized urandom read (16 bytes read, 2 bits of entropy available)
[    1.121701] random: udevadm: uninitialized urandom read (16 bytes read, 2 bits of entropy available)
[    1.121748] random: udevadm: uninitialized urandom read (16 bytes read, 2 bits of entropy available)
[    1.121958] random: udevadm: uninitialized urandom read (16 bytes read, 2 bits of entropy available)
[    1.122010] random: udevadm: uninitialized urandom read (16 bytes read, 2 bits of entropy available)
[    1.122059] random: udevadm: uninitialized urandom read (16 bytes read, 2 bits of entropy available)
[    1.158880] Fusion MPT base driver 3.04.20
[    1.159923] Copyright (c) 1999-2008 LSI Corporation
[    1.161154] e1000: Intel(R) PRO/1000 Network Driver - version 7.3.21-k8-NAPI
[    1.162728] e1000: Copyright (c) 1999-2006 Intel Corporation.
[    1.166522] Fusion MPT SPI Host driver 3.04.20
[    1.175369] AVX2 version of gcm_enc/dec engaged.
[    1.176360] AES CTR mode by8 optimization enabled
[    1.372074] input: ImExPS/2 Generic Explorer Mouse as /devices/platform/i8042/serio1/input/input4
[    2.922823] e1000 0000:00:03.0 eth0: (PCI:33MHz:32-bit) 02:be:82:6b:cc:1d
[    2.923764] e1000 0000:00:03.0 eth0: Intel(R) PRO/1000 Network Connection
[    4.137305] e1000 0000:00:08.0 eth1: (PCI:33MHz:32-bit) 08:00:27:b5:14:76
[    4.151396] e1000 0000:00:08.0 eth1: Intel(R) PRO/1000 Network Connection
[    4.153889] mptbase: ioc0: Initiating bringup
[    4.154031] e1000 0000:00:03.0 enp0s3: renamed from eth0
[    4.439145] e1000 0000:00:08.0 enp0s8: renamed from eth1
[    5.030117] ioc0: LSI53C1030 A0: Capabilities={Initiator}
[    7.179184] scsi host2: ioc0: LSI53C1030 A0, FwRev=00000000h, Ports=1, MaxQ=256, IRQ=20
[    9.777365] scsi 2:0:0:0: Direct-Access     VBOX     HARDDISK         1.0  PQ: 0 ANSI: 5
[    9.781842] scsi target2:0:0: Beginning Domain Validation
[    9.783152] scsi target2:0:0: Domain Validation skipping write tests
[    9.783985] scsi target2:0:0: Ending Domain Validation
[    9.784761] scsi target2:0:0: asynchronous
[    9.785688] scsi 2:0:1:0: Direct-Access     VBOX     HARDDISK         1.0  PQ: 0 ANSI: 5
[    9.786924] scsi target2:0:1: Beginning Domain Validation
[    9.788242] scsi target2:0:1: Domain Validation skipping write tests
[    9.789190] scsi target2:0:1: Ending Domain Validation
[    9.790037] scsi target2:0:1: asynchronous
[    9.796062] sd 2:0:0:0: Attached scsi generic sg0 type 0
[    9.796069] sd 2:0:0:0: [sda] 83886080 512-byte logical blocks: (42.9 GB/40.0 GiB)
[    9.798169] sd 2:0:0:0: [sda] Write Protect is off
[    9.799161] sd 2:0:1:0: Attached scsi generic sg1 type 0
[    9.799974] sd 2:0:1:0: [sdb] 20480 512-byte logical blocks: (10.5 MB/10.0 MiB)
[    9.801151] sd 2:0:0:0: [sda] Incomplete mode parameter data
[    9.802024] sd 2:0:0:0: [sda] Assuming drive cache: write through
[    9.803137] sd 2:0:1:0: [sdb] Write Protect is off
[    9.804009] sd 2:0:1:0: [sdb] Incomplete mode parameter data
[    9.804852] sd 2:0:1:0: [sdb] Assuming drive cache: write through
[    9.813497]  sda: sda1
[    9.818238] sd 2:0:1:0: [sdb] Attached SCSI disk
[    9.820288] sd 2:0:0:0: [sda] Attached SCSI disk
Begin: Loading essential drivers ... [   11.216252] md: linear personality registered for level -1
[   11.223354] md: multipath personality registered for level -4
[   11.226284] md: raid0 personality registered for level 0
[   11.229647] md: raid1 personality registered for level 1
[   11.298745] raid6: sse2x1   gen()  9786 MB/s
[   11.366777] raid6: sse2x1   xor()  7579 MB/s
[   11.434772] raid6: sse2x2   gen() 16252 MB/s
[   11.502731] raid6: sse2x2   xor()  9870 MB/s
[   11.570733] raid6: sse2x4   gen() 15783 MB/s
[   11.638730] raid6: sse2x4   xor() 10357 MB/s
[   11.706765] raid6: avx2x1   gen() 22726 MB/s
[   11.774731] raid6: avx2x2   gen() 27835 MB/s
[   11.842771] raid6: avx2x4   gen() 30853 MB/s
[   11.843533] raid6: using algorithm avx2x4 gen() 30853 MB/s
[   11.844415] raid6: using avx2x2 recovery algorithm
[   11.846064] xor: automatically using best checksumming function:
[   11.886770]    avx       : 25557.000 MB/sec
[   11.888337] async_tx: api initialized (async)
[   11.895528] md: raid6 personality registered for level 6
[   11.896290] md: raid5 personality registered for level 5
[   11.897031] md: raid4 personality registered for level 4
[   11.902733] md: raid10 personality registered for level 10
done.
Begin: Running /scripts/init-premount ... done.
Begin: Mounting root file system ... Begin: Running /scripts/local-top ... done.
Begin: Running /scripts/local-premount ... [   11.925147] Btrfs loaded
Scanning for Btrfs filesystems
done.
Warning: fsck not present, so skipping root file system
[   11.957159] EXT4-fs (sda1): mounted filesystem with ordered data mode. Opts: (null)
done.
Begin: Running /scripts/local-bottom ... done.
Begin: Running /scripts/init-bottom ... done.
[   12.036151] systemd[1]: systemd 229 running in system mode. (+PAM +AUDIT +SELINUX +IMA +APPARMOR +SMACK +SYSVINIT +UTMP +LIBCRYPTSETUP +GCRYPT +GNUTLS +ACL +XZ -LZ4 +SECCOMP +BLKID +ELFUTILS +KMOD -IDN)
[   12.038721] systemd[1]: Detected virtualization oracle.
[   12.039550] systemd[1]: Detected architecture x86-64.

Welcome to [1mUbuntu 16.04.7 LTS[0m!

[   12.042253] systemd[1]: Set hostname to <integration-server>.
[   12.269249] systemd[1]: Listening on Syslog Socket.
[[0;32m  OK  [0m] Listening on Syslog Socket.
[   12.270775] systemd[1]: Listening on Journal Socket (/dev/log).
[[0;32m  OK  [0m] Listening on Journal Socket (/dev/log).
[   12.272306] systemd[1]: Listening on fsck to fsckd communication Socket.
[[0;32m  OK  [0m] Listening on fsck to fsckd communication Socket.
[   12.273969] systemd[1]: Listening on LVM2 metadata daemon socket.
[[0;32m  OK  [0m] Listening on LVM2 metadata daemon socket.
[   12.275590] systemd[1]: Started Forward Password Requests to Wall Directory Watch.
[[0;32m  OK  [0m] Started Forward Password Requests to Wall Directory Watch.
[   12.277664] systemd[1]: Listening on udev Control Socket.
[[0;32m  OK  [0m] Listening on udev Control Socket.
[   12.279015] systemd[1]: Reached target User and Group Name Lookups.
[[0;32m  OK  [0m] Reached target User and Group Name Lookups.
[   12.280773] systemd[1]: Created slice User and Session Slice.
[[0;32m  OK  [0m] Created slice User and Session Slice.
[   12.282260] systemd[1]: Listening on Journal Socket.
[[0;32m  OK  [0m] Listening on Journal Socket.
[   12.283551] systemd[1]: Reached target Swap.
[[0;32m  OK  [0m] Reached target Swap.
[   12.284768] systemd[1]: Started Trigger resolvconf update for networkd DNS.
[[0;32m  OK  [0m] Started Trigger resolvconf update for networkd DNS.
[   12.286480] systemd[1]: Listening on Journal Audit Socket.
[[0;32m  OK  [0m] Listening on Journal Audit Socket.
[   12.287993] systemd[1]: Set up automount Arbitrary Executable File Formats File System Automount Point.
[[0;32m  OK  [0m] Set up automount Arbitrary Executab...ats File System Automount Point.
[   12.290410] systemd[1]: Created slice System Slice.
[[0;32m  OK  [0m] Created slice System Slice.
[   12.291757] systemd[1]: Reached target Slices.
[[0;32m  OK  [0m] Reached target Slices.
[   12.302936] systemd[1]: Starting Journal Service...
         Starting Journal Service...
[   12.304937] systemd[1]: Starting Set console keymap...
         Starting Set console keymap...
[   12.307584] systemd[1]: Starting File System Check on Root Device...
         Starting File System Check on Root Device...
[   12.311181] systemd[1]: Starting Load Kernel Modules...
         Starting Load Kernel Modules...
[   12.313641] systemd[1]: Starting Uncomplicated firewall...
         Starting Uncomplicated firewall...
[   12.317395] systemd[1]: Starting Create list of required static device nodes for the current kernel...
[   12.319516] Loading iSCSI transport class v2.0-870.
         Starting Create list of required st... nodes for the current kernel...
[   12.321611] systemd[1]: Mounting Debug File System...
         Mounting Debug File System...
[   12.324178] systemd[1]: Mounting Huge Pages File System...
         Mounting Huge Pages File System...
[   12.326285] systemd[1]: Mounting POSIX Message Queue File System...
         Mounting POSIX Message Queue File System...
[   12.328248] systemd[1]: Listening on udev Kernel Socket.
[[0;32m  OK  [0m] Listening on udev Kernel Socket.
[   12.329948] systemd[1]: Reached target Encrypted Volumes.
[[0;32m  OK  [0m] Reached target Encrypted Volumes.
[   12.331573] systemd[1]: Listening on LVM2 poll daemon socket.
[[0;32m  OK  [0m] Listening on LVM2 poll daemon socket.
[   12.333658] systemd[1]: Created slice system-serial\x2dgetty.slice.
[[0;32m  OK  [0m] Created slice system-serial\x2dgetty.slice.
[   12.335679] systemd[1]: Reached target System Time Synchronized.
[   12.335726] iscsi: registered transport (tcp)
[[0;32m  OK  [0m] Reached target System Time Synchronized.
[   12.338932] systemd[1]: Starting Nameserver information manager...
         Starting Nameserver information manager...
[   12.340841] systemd[1]: Listening on Device-mapper event daemon FIFOs.
[[0;32m  OK  [0m] Listening on Device-mapper event daemon FIFOs.
[   12.343564] systemd[1]: Starting Monitoring of LVM2 mirrors, snapshots etc. using dmeventd or progress polling...
         Starting Monitoring of LVM2 mirrors... dmeventd or progress polling...
[   12.346587] systemd[1]: Listening on /dev/initctl Compatibility Named Pipe.
[[0;32m  OK  [0m] Listening on /dev/initctl Compatibility Named Pipe.
[   12.350343] systemd[1]: Mounted Huge Pages File System.
[[0;32m  OK  [0m] Mounted Huge Pages File System.
[   12.352743] systemd[1]: Mounted POSIX Message Queue File System.
[[0;32m  OK  [0m] Mounted POSIX Message Queue File System.
[   12.355314] systemd[1]: Mounted Debug File System.
[[0;32m  OK  [0m] Mounted Debug File System.
[   12.357743] systemd[1]: Started Journal Service.
[[0;32m  OK  [0m] Started Journal Service.
[[0;32m  OK  [0m] Started File System Check on Root Device.
[[0;32m  OK  [0m] Started Uncomplicated firewall.
[[0;32m  OK  [0m] Started Set console keymap.
[   12.369758] iscsi: registered transport (iser)
[[0;32m  OK  [0m] Started Load Kernel Modules.
[[0;32m  OK  [0m] Started Create list of required sta...ce nodes for the current kernel.
[[0;32m  OK  [0m] Started Nameserver information manager.
[[0;32m  OK  [0m] Started LVM2 metadata daemon.
[[0;32m  OK  [0m] Started File System Check Daemon to report status.
         Starting Create Static Device Nodes in /dev...
         Starting Apply Kernel Variables...
         Mounting FUSE Control File System...
         Starting Remount Root and Kernel File Systems...
[[0;32m  OK  [0m] Mounted FUSE Control File System.
[   12.395293] EXT4-fs (sda1): re-mounted. Opts: (null)
[[0;32m  OK  [0m] Started Remount Root and Kernel File Systems.
[[0;32m  OK  [0m] Started Create Static Device Nodes in /dev.
         Starting udev Kernel Device Manager...
         Starting Flush Journal to Persistent Storage...
         Starting udev Coldplug all Devices...
         Starting Load/Save Random Seed...
[[0;32m  OK  [0m] Started Apply Kernel Variables.
[[0;32m  OK  [0m] Started Load/Save Random Seed.
[[0;32m  OK  [0m] Started Flush Journal to Persistent Storage.
[[0;32m  OK  [0m] Started udev Kernel Device Manager.
[[0;32m  OK  [0m] Started udev Coldplug all Devices.
[[0;32m  OK  [0m] Started Dispatch Password Requests to Console Directory Watch.
[[0;32m  OK  [0m] Found device /dev/ttyS0.
[[0;32m  OK  [0m] Started Monitoring of LVM2 mirrors,...ng dmeventd or progress polling.
[[0;32m  OK  [0m] Reached target Local File Systems (Pre).
[[0;32m  OK  [0m] Reached target Local File Systems.
         Starting Create Volatile Files and Directories...
         Starting Initial cloud-init job (pre-networking)...
         Starting Set console font and keymap...
         Starting Tell Plymouth To Write Out Runtime Data...
         Starting LSB: AppArmor initialization...
[[0;32m  OK  [0m] Started Create Volatile Files and Directories.
[[0;32m  OK  [0m] Started Tell Plymouth To Write Out Runtime Data.
[[0;32m  OK  [0m] Listening on Load/Save RF Kill Switch Status /dev/rfkill Watch.
         Starting Update UTMP about System Boot/Shutdown...
[[0;32m  OK  [0m] Started Update UTMP about System Boot/Shutdown.
[[0;32m  OK  [0m] Started LSB: AppArmor initialization.
         Starting Load AppArmor profiles managed internally by snapd...
[[0;32m  OK  [0m] Started Load AppArmor profiles managed internally by snapd.
[[0;32m  OK  [0m] Found device 82540EM Gigabit Ethern...r (PRO/1000 MT Desktop Adapter).
[[0;32m  OK  [0m] Found device 82540EM Gigabit Ethern...r (PRO/1000 MT Desktop Adapter).
[   12.977702] cloud-init[535]: Cloud-init v. 21.1-19-gbad84ad4-0ubuntu1~16.04.2 running 'init-local' at Thu, 16 Nov 2023 07:14:30 +0000. Up 12.78 seconds.
[[0;32m  OK  [0m] Started Initial cloud-init job (pre-networking).
[[0;32m  OK  [0m] Reached target Network (Pre).
         Starting Raise network interfaces...
[[0;32m  OK  [0m] Started ifup for enp0s3.
[[0;32m  OK  [0m] Started ifup for enp0s8.
[[0;32m  OK  [0m] Started Set console font and keymap.
[[0;32m  OK  [0m] Created slice system-getty.slice.
[[0;32m  OK  [0m] Started Raise network interfaces.
         Starting Initial cloud-init job (metadata service crawler)...
[[0;32m  OK  [0m] Reached target Network.
[   13.648678] cloud-init[1100]: Cloud-init v. 21.1-19-gbad84ad4-0ubuntu1~16.04.2 running 'init' at Thu, 16 Nov 2023 07:14:31 +0000. Up 13.46 seconds.
[   13.650143] cloud-init[1100]: ci-info: ++++++++++++++++++++++++++++++++++++++Net device info+++++++++++++++++++++++++++++++++++++++
[   13.651588] cloud-init[1100]: ci-info: +--------+------+-----------------------------+---------------+--------+-------------------+
[   13.653160] cloud-init[1100]: ci-info: | Device |  Up  |           Address           |      Mask     | Scope  |     Hw-Address    |
[   13.654733] cloud-init[1100]: ci-info: +--------+------+-----------------------------+---------------+--------+-------------------+
[   13.656338] cloud-init[1100]: ci-info: | enp0s3 | True |          10.0.2.15          | 255.255.255.0 | global | 02:be:82:6b:cc:1d |
[   13.657938] cloud-init[1100]: ci-info: | enp0s3 | True |  fe80::be:82ff:fe6b:cc1d/64 |       .       |  link  | 02:be:82:6b:cc:1d |
[   13.659327] cloud-init[1100]: ci-info: | enp0s8 | True |         192.168.33.9        | 255.255.255.0 | global | 08:00:27:b5:14:76 |
[   13.660756] cloud-init[1100]: ci-info: | enp0s8 | True | fe80::a00:27ff:feb5:1476/64 |       .       |  link  | 08:00:27:b5:14:76 |
[   13.662302] cloud-init[1100]: ci-info: |   lo   | True |          127.0.0.1          |   255.0.0.0   |  host  |         .         |
[   13.663914] cloud-init[1100]: ci-info: |   lo   | True |           ::1/128           |       .       |  host  |         .         |
[   13.665474] cloud-init[1100]: ci-info: +--------+------+-----------------------------+---------------+--------+-------------------+
[   13.667073] cloud-init[1100]: ci-info: ++++++++++++++++++++++++++++Route IPv4 info++++++++++++++++++++++++++++
[   13.668420] cloud-init[1100]: ci-info: +-------+--------------+----------+---------------+-----------+-------+
[   13.669951] cloud-init[1100]: ci-info: | Route | Destination  | Gateway  |    Genmask    | Interface | Flags |
[   13.671515] cloud-init[1100]: ci-info: +-------+--------------+----------+---------------+-----------+-------+
[   13.673108] cloud-init[1100]: ci-info: |   0   |   0.0.0.0    | 10.0.2.2 |    0.0.0.0    |   enp0s3  |   UG  |
[   13.674663] cloud-init[1100]: ci-info: |   1   |   10.0.2.0   | 0.0.0.0  | 255.255.255.0 |   enp0s3  |   U   |
[   13.676182] cloud-init[1100]: ci-info: |   2   | 192.168.33.0 | 0.0.0.0  | 255.255.255.0 |   enp0s8  |   U   |
[   13.677443] cloud-init[1100]: ci-info: +-------+--------------+----------+---------------+-----------+-------+
[   13.678926] cloud-init[1100]: ci-info: +++++++++++++++++++Route IPv6 info+++++++++++++++++++
[   13.679976] cloud-init[1100]: ci-info: +-------+-------------+---------+-----------+-------+
[   13.681345] cloud-init[1100]: ci-info: | Route | Destination | Gateway | Interface | Flags |
[   13.682334] cloud-init[1100]: ci-info: +-------+-------------+---------+-----------+-------+
[   13.683479] cloud-init[1100]: ci-info: |   0   |  fe80::/64  |    ::   |   enp0s8  |   U   |
[   13.684461] cloud-init[1100]: ci-info: |   1   |  fe80::/64  |    ::   |   enp0s3  |   U   |
[   13.685489] cloud-init[1100]: ci-info: |   4   |   ff00::/8  |    ::   |   enp0s8  |   U   |
[   13.686565] cloud-init[1100]: ci-info: |   5   |   ff00::/8  |    ::   |   enp0s3  |   U   |
[   13.687357] cloud-init[1100]: ci-info: +-------+-------------+---------+-----------+-------+
[[0;32m  OK  [0m] Started Initial cloud-init job (metadata service crawler).
[[0;32m  OK  [0m] Reached target System Initialization.
[[0;32m  OK  [0m] Listening on UUID daemon activation socket.
         Starting Socket activation for snappy daemon.
[[0;32m  OK  [0m] Started Message of the Day.
         Starting Docker Socket for the API.
[[0;32m  OK  [0m] Started Daily Cleanup of Temporary Directories.
         Starting LXD - unix socket.
[[0;32m  OK  [0m] Listening on ACPID Listen Socket.
[[0;32m  OK  [0m] Started ACPI Events Check.
[[0;32m  OK  [0m] Reached target Paths.
[[0;32m  OK  [0m] Listening on D-Bus System Message Bus Socket.
[[0;32m  OK  [0m] Started Daily apt download activities.
[[0;32m  OK  [0m] Started Daily apt upgrade and clean activities.
[[0;32m  OK  [0m] Reached target Timers.
[[0;32m  OK  [0m] Reached target Network is Online.
         Starting iSCSI initiator daemon (iscsid)...
[[0;32m  OK  [0m] Reached target Cloud-config availability.
[[0;32m  OK  [0m] Listening on Socket activation for snappy daemon.
[[0;32m  OK  [0m] Listening on Docker Socket for the API.
[[0;32m  OK  [0m] Listening on LXD - unix socket.
[[0;32m  OK  [0m] Reached target Sockets.
[[0;32m  OK  [0m] Reached target Basic System.
         Starting LSB: Record successful boot for GRUB...
         Starting Accounts Service...
         Starting Virtualbox guest utils...
[[0;32m  OK  [0m] Started GitLab Runner.
[[0;32m  OK  [0m] Started Regular background program processing daemon.
         Starting /etc/rc.local Compatibility...
[[0;32m  OK  [0m] Started ACPI event daemon.
         Starting Login Service...
[[0;32m  OK  [0m] Started D-Bus System Message Bus.
[[0;32m  OK  [0m] Started Deferred execution scheduler.
         Starting LSB: MD monitoring daemon...
         Starting LXD - container startup/shutdown...
[[0;32m  OK  [0m] Started FUSE filesystem for LXC.
         Starting containerd container runtime...
         Starting System Logging Service...
         Starting MySQL Community Server...
         Starting OpenBSD Secure Shell server...
         Starting Snap Daemon...
[[0;32m  OK  [0m] Started iSCSI initiator daemon (iscsid).
[[0;32m  OK  [0m] Started /etc/rc.local Compatibility.
         Starting Login to default iSCSI targets...
[[0;32m  OK  [0m] Started Login Service.
[[0;32m  OK  [0m] Started Unattended Upgrades Shutdown.
[[0;32m  OK  [0m] Started System Logging Service.
[[0;32m  OK  [0m] Started LSB: Record successful boot for GRUB.
         Starting Authenticate and Authorize Users to Run Privileged Tasks...
[[0;32m  OK  [0m] Started LSB: MD monitoring daemon.
[[0;32m  OK  [0m] Started Login to default iSCSI targets.
[[0;32m  OK  [0m] Reached target Remote File Systems (Pre).
         Mounting /vagrant_data...
         Mounting /vagrant...
[[0;1;31mFAILED[0m] Failed to mount /vagrant.
See 'systemctl status vagrant.mount' for details.
[[0;1;33mDEPEND[0m] Dependency failed for Remote File Systems.
[[0;1;31mFAILED[0m] Failed to mount /vagrant_data.
See 'systemctl status vagrant_data.mount' for details.
[[0;32m  OK  [0m] Started OpenBSD Secure Shell server.
         Starting Permit User Sessions...
         Starting LSB: Set the CPU Frequency Scaling governor to "ondemand"...
         Starting LSB: daemon to balance interrupts for SMP systems...
         Starting LSB: automatic crash report generation...
[[0;32m  OK  [0m] Started Permit User Sessions.
         Starting Terminate Plymouth Boot Screen...
         Starting Hold until boot process finishes up...
[[0;32m  OK  [0m] Started Hold until boot process finishes up.
[[0;32m  OK  [0m] Started Serial Getty on ttyS0.
[[0;32m  OK  [0m] Started Getty on tty1.
[[0;32m  OK  [0m] Reached target Login Prompts.
         Starting Set console scheme...
[[0;32m  OK  [0m] Started Authenticate and Authorize Users to Run Privileged Tasks.
[[0;32m  OK  [0m] Started Terminate Plymouth Boot Screen.
[[0;32m  OK  [0m] Started Set console scheme.
[[0;32m  OK  [0m] Started Accounts Service.
[[0;32m  OK  [0m] Started LSB: Set the CPU Frequency Scaling governor to "ondemand".
[[0;32m  OK  [0m] Started Virtualbox guest utils.
[[0;32m  OK  [0m] Started LSB: daemon to balance interrupts for SMP systems.
[[0;32m  OK  [0m] Started LSB: automatic crash report generation.
[[0;32m  OK  [0m] Started LXD - container startup/shutdown.
[[0;32m  OK  [0m] Started containerd container runtime.
         Starting Docker Application Container Engine...
[[0;32m  OK  [0m] Started Snap Daemon.
         Starting Wait until snapd is fully seeded...
[[0;32m  OK  [0m] Started Wait until snapd is fully seeded.
         Starting Apply the settings specified in cloud-config...
[   14.511002] cloud-init[1419]: Cloud-init v. 21.1-19-gbad84ad4-0ubuntu1~16.04.2 running 'modules:config' at Thu, 16 Nov 2023 07:14:32 +0000. Up 14.44 seconds.
[[0;32m  OK  [0m] Started Apply the settings specified in cloud-config.
         Starting cloud-id shim...
[[0;32m  OK  [0m] Started Docker Application Container Engine.
[[0;32m  OK  [0m] Started cloud-id shim.
[[0;32m  OK  [0m] Started MySQL Community Server.
[[0;32m  OK  [0m] Reached target Multi-User System.
[[0;32m  OK  [0m] Reached target Graphical Interface.
         Starting Update UTMP about System Runlevel Changes...
[[0;32m  OK  [0m] Started GitLab Runit supervision process.
         Starting Execute cloud user/final scripts...
[[0;32m  OK  [0m] Started Update UTMP about System Runlevel Changes.
[   15.344426] cloud-init[1647]: Cloud-init v. 21.1-19-gbad84ad4-0ubuntu1~16.04.2 running 'modules:final' at Thu, 16 Nov 2023 07:14:32 +0000. Up 15.22 seconds.
[   15.345979] cloud-init[1647]: Cloud-init v. 21.1-19-gbad84ad4-0ubuntu1~16.04.2 finished at Thu, 16 Nov 2023 07:14:33 +0000. Datasource DataSourceNoCloud [seed=/dev/sdb][dsmode=net].  Up 15.33 seconds
[[0;32m  OK  [0m] Started Execute cloud user/final scripts.
[[0;32m  OK  [0m] Reached target Cloud-init target.

Ubuntu 16.04.7 LTS integration-server ttyS0

integration-server login: 